Args in experiment:
Namespace(activation='gelu', affine=0, batch_size=256, c_out=18, d_ff=256, d_model=128, data='custom', data_path='AAPL_without_sentiment.csv', date_header='Timestamp', dec_in=18, decoder_layers=1, decomposition=1, des='Exp', devices='0,1,2,3', distil=True, do_predict=False, dropout=0.2, e_layers=3, embed='timeF', embed_type=0, enc_in=18, factor=1, fc_dropout=0.2, features='M', freq='d', gpu=0, head_dropout=0.0, individual=0, is_training=1, itr=1, kernel_size=25, label_len=48, learning_rate=0.0001, loss='mse', lradj='type3', model='Autoformer', model_id='Autoformer_AAPL_without_sentiment_336_96', moving_avg=25, n_heads=16, num_workers=10, output_attention=False, padding_patch='end', patch_len=16, patience=20, pct_start=0.3, pred_len=96, random_seed=2021, result_path='./predictor/results/', revin=1, root_path='./predictor/dataset/', seq_len=336, stride=8, subtract_last=0, target='Close', test_flop=False, train_epochs=100, use_amp=False, use_gpu=True, use_multi_gpu=False)
Use GPU: cuda:0
>>>>>>>start training : Autoformer_AAPL_without_sentiment_336_96>>>>>>>>>>>>>>>>>>>>>>>>>>
train 9084
val 1265
test 2623
Epoch: 1 cost time: 16.28799080848694
Epoch: 1, Steps: 35 | Train Loss: 0.8184901 Vali Loss: 0.8285112 Test Loss: 0.8548533
Validation loss decreased (inf --> 0.828511).  Saving model ...
Updating learning rate to 0.0001
Epoch: 2 cost time: 16.762778759002686
Epoch: 2, Steps: 35 | Train Loss: 0.6565048 Vali Loss: 0.6311058 Test Loss: 0.6325502
Validation loss decreased (0.828511 --> 0.631106).  Saving model ...
Updating learning rate to 0.0001
Epoch: 3 cost time: 16.496724843978882
Epoch: 3, Steps: 35 | Train Loss: 0.5693378 Vali Loss: 0.6421498 Test Loss: 0.6222536
EarlyStopping counter: 1 out of 20
Updating learning rate to 0.0001
Epoch: 4 cost time: 16.19154191017151
Epoch: 4, Steps: 35 | Train Loss: 0.5472992 Vali Loss: 0.6295573 Test Loss: 0.6183208
Validation loss decreased (0.631106 --> 0.629557).  Saving model ...
Updating learning rate to 9e-05
Epoch: 5 cost time: 16.375648021697998
Epoch: 5, Steps: 35 | Train Loss: 0.5385148 Vali Loss: 0.6309716 Test Loss: 0.6182953
EarlyStopping counter: 1 out of 20
Updating learning rate to 8.1e-05
Epoch: 6 cost time: 16.54713463783264
Epoch: 6, Steps: 35 | Train Loss: 0.5341499 Vali Loss: 0.6366098 Test Loss: 0.6182970
EarlyStopping counter: 2 out of 20
Updating learning rate to 7.290000000000001e-05
Epoch: 7 cost time: 16.530203819274902
Epoch: 7, Steps: 35 | Train Loss: 0.5309446 Vali Loss: 0.6434329 Test Loss: 0.6173056
EarlyStopping counter: 3 out of 20
Updating learning rate to 6.561e-05
Epoch: 8 cost time: 16.334835529327393
Epoch: 8, Steps: 35 | Train Loss: 0.5275782 Vali Loss: 0.6320469 Test Loss: 0.6154789
EarlyStopping counter: 4 out of 20
Updating learning rate to 5.904900000000001e-05
Epoch: 9 cost time: 16.456388473510742
Epoch: 9, Steps: 35 | Train Loss: 0.5248119 Vali Loss: 0.6435737 Test Loss: 0.6186625
EarlyStopping counter: 5 out of 20
Updating learning rate to 5.3144100000000005e-05
Epoch: 10 cost time: 16.48238515853882
Epoch: 10, Steps: 35 | Train Loss: 0.5229102 Vali Loss: 0.6385397 Test Loss: 0.6165115
EarlyStopping counter: 6 out of 20
Updating learning rate to 4.782969000000001e-05
Epoch: 11 cost time: 16.47317862510681
Epoch: 11, Steps: 35 | Train Loss: 0.5207982 Vali Loss: 0.6371363 Test Loss: 0.6166434
EarlyStopping counter: 7 out of 20
Updating learning rate to 4.304672100000001e-05
Epoch: 12 cost time: 16.364656448364258
Epoch: 12, Steps: 35 | Train Loss: 0.5199060 Vali Loss: 0.6484802 Test Loss: 0.6165673
EarlyStopping counter: 8 out of 20
Updating learning rate to 3.874204890000001e-05
Epoch: 13 cost time: 16.40880584716797
Epoch: 13, Steps: 35 | Train Loss: 0.5178261 Vali Loss: 0.6377177 Test Loss: 0.6201658
EarlyStopping counter: 9 out of 20
Updating learning rate to 3.486784401000001e-05
Epoch: 14 cost time: 16.441357612609863
Epoch: 14, Steps: 35 | Train Loss: 0.5172830 Vali Loss: 0.6292675 Test Loss: 0.6180755
Validation loss decreased (0.629557 --> 0.629267).  Saving model ...
Updating learning rate to 3.138105960900001e-05
Epoch: 15 cost time: 16.43406081199646
Epoch: 15, Steps: 35 | Train Loss: 0.5158359 Vali Loss: 0.6357158 Test Loss: 0.6189237
EarlyStopping counter: 1 out of 20
Updating learning rate to 2.824295364810001e-05
Epoch: 16 cost time: 16.98742127418518
Epoch: 16, Steps: 35 | Train Loss: 0.5146947 Vali Loss: 0.6408139 Test Loss: 0.6191348
EarlyStopping counter: 2 out of 20
Updating learning rate to 2.541865828329001e-05
Epoch: 17 cost time: 16.448455572128296
Epoch: 17, Steps: 35 | Train Loss: 0.5152056 Vali Loss: 0.6429071 Test Loss: 0.6177083
EarlyStopping counter: 3 out of 20
Updating learning rate to 2.287679245496101e-05
Epoch: 18 cost time: 16.425340175628662
Epoch: 18, Steps: 35 | Train Loss: 0.5132091 Vali Loss: 0.6370994 Test Loss: 0.6176133
EarlyStopping counter: 4 out of 20
Updating learning rate to 2.0589113209464907e-05
Epoch: 19 cost time: 16.447675228118896
Epoch: 19, Steps: 35 | Train Loss: 0.5124476 Vali Loss: 0.6338960 Test Loss: 0.6203904
EarlyStopping counter: 5 out of 20
Updating learning rate to 1.8530201888518416e-05
Epoch: 20 cost time: 16.470301151275635
Epoch: 20, Steps: 35 | Train Loss: 0.5112435 Vali Loss: 0.6333566 Test Loss: 0.6198514
EarlyStopping counter: 6 out of 20
Updating learning rate to 1.6677181699666577e-05
Epoch: 21 cost time: 16.457267999649048
Epoch: 21, Steps: 35 | Train Loss: 0.5105060 Vali Loss: 0.6368472 Test Loss: 0.6214392
EarlyStopping counter: 7 out of 20
Updating learning rate to 1.5009463529699919e-05
Epoch: 22 cost time: 16.36910080909729
Epoch: 22, Steps: 35 | Train Loss: 0.5107111 Vali Loss: 0.6459274 Test Loss: 0.6198234
EarlyStopping counter: 8 out of 20
Updating learning rate to 1.3508517176729929e-05
Epoch: 23 cost time: 16.48050355911255
Epoch: 23, Steps: 35 | Train Loss: 0.5088155 Vali Loss: 0.6291264 Test Loss: 0.6193962
Validation loss decreased (0.629267 --> 0.629126).  Saving model ...
Updating learning rate to 1.2157665459056936e-05
Epoch: 24 cost time: 16.550222396850586
Epoch: 24, Steps: 35 | Train Loss: 0.5099211 Vali Loss: 0.6382790 Test Loss: 0.6170489
EarlyStopping counter: 1 out of 20
Updating learning rate to 1.0941898913151242e-05
Epoch: 25 cost time: 16.389978170394897
Epoch: 25, Steps: 35 | Train Loss: 0.5084777 Vali Loss: 0.6302398 Test Loss: 0.6178327
EarlyStopping counter: 2 out of 20
Updating learning rate to 9.847709021836118e-06
Epoch: 26 cost time: 16.419876098632812
Epoch: 26, Steps: 35 | Train Loss: 0.5078167 Vali Loss: 0.6385124 Test Loss: 0.6184378
EarlyStopping counter: 3 out of 20
Updating learning rate to 8.862938119652508e-06
Epoch: 27 cost time: 16.46259880065918
Epoch: 27, Steps: 35 | Train Loss: 0.5083546 Vali Loss: 0.6426066 Test Loss: 0.6198145
EarlyStopping counter: 4 out of 20
Updating learning rate to 7.976644307687255e-06
Epoch: 28 cost time: 16.442262172698975
Epoch: 28, Steps: 35 | Train Loss: 0.5072963 Vali Loss: 0.6334018 Test Loss: 0.6199618
EarlyStopping counter: 5 out of 20
Updating learning rate to 7.178979876918531e-06
Epoch: 29 cost time: 16.456030130386353
Epoch: 29, Steps: 35 | Train Loss: 0.5063321 Vali Loss: 0.6422669 Test Loss: 0.6207259
EarlyStopping counter: 6 out of 20
Updating learning rate to 6.4610818892266776e-06
Epoch: 30 cost time: 17.04254937171936
Epoch: 30, Steps: 35 | Train Loss: 0.5071872 Vali Loss: 0.6348292 Test Loss: 0.6210098
EarlyStopping counter: 7 out of 20
Updating learning rate to 5.8149737003040096e-06
Epoch: 31 cost time: 16.414220333099365
Epoch: 31, Steps: 35 | Train Loss: 0.5062249 Vali Loss: 0.6334240 Test Loss: 0.6214131
EarlyStopping counter: 8 out of 20
Updating learning rate to 5.23347633027361e-06
Epoch: 32 cost time: 16.56666398048401
Epoch: 32, Steps: 35 | Train Loss: 0.5058039 Vali Loss: 0.6434588 Test Loss: 0.6209003
EarlyStopping counter: 9 out of 20
Updating learning rate to 4.710128697246249e-06
Epoch: 33 cost time: 16.41549777984619
Epoch: 33, Steps: 35 | Train Loss: 0.5060617 Vali Loss: 0.6523696 Test Loss: 0.6202096
EarlyStopping counter: 10 out of 20
Updating learning rate to 4.239115827521624e-06
Epoch: 34 cost time: 16.436662435531616
Epoch: 34, Steps: 35 | Train Loss: 0.5048209 Vali Loss: 0.6580645 Test Loss: 0.6206504
EarlyStopping counter: 11 out of 20
Updating learning rate to 3.815204244769462e-06
Epoch: 35 cost time: 16.463732719421387
Epoch: 35, Steps: 35 | Train Loss: 0.5051427 Vali Loss: 0.6444896 Test Loss: 0.6204070
EarlyStopping counter: 12 out of 20
Updating learning rate to 3.4336838202925152e-06
Epoch: 36 cost time: 16.444689512252808
Epoch: 36, Steps: 35 | Train Loss: 0.5049155 Vali Loss: 0.6473204 Test Loss: 0.6203712
EarlyStopping counter: 13 out of 20
Updating learning rate to 3.090315438263264e-06
Epoch: 37 cost time: 16.471473693847656
Epoch: 37, Steps: 35 | Train Loss: 0.5040659 Vali Loss: 0.6438584 Test Loss: 0.6207684
EarlyStopping counter: 14 out of 20
Updating learning rate to 2.7812838944369375e-06
Epoch: 38 cost time: 16.519277572631836
Epoch: 38, Steps: 35 | Train Loss: 0.5036402 Vali Loss: 0.6437745 Test Loss: 0.6208448
EarlyStopping counter: 15 out of 20
Updating learning rate to 2.503155504993244e-06
Epoch: 39 cost time: 16.51205825805664
Epoch: 39, Steps: 35 | Train Loss: 0.5031233 Vali Loss: 0.6347420 Test Loss: 0.6206716
EarlyStopping counter: 16 out of 20
Updating learning rate to 2.2528399544939195e-06
Epoch: 40 cost time: 16.495229721069336
Epoch: 40, Steps: 35 | Train Loss: 0.5037063 Vali Loss: 0.6556401 Test Loss: 0.6208564
EarlyStopping counter: 17 out of 20
Updating learning rate to 2.0275559590445276e-06
Epoch: 41 cost time: 16.46288752555847
Epoch: 41, Steps: 35 | Train Loss: 0.5030210 Vali Loss: 0.6477650 Test Loss: 0.6206416
EarlyStopping counter: 18 out of 20
Updating learning rate to 1.8248003631400751e-06
Epoch: 42 cost time: 16.43161940574646
Epoch: 42, Steps: 35 | Train Loss: 0.5028345 Vali Loss: 0.6273615 Test Loss: 0.6207554
Validation loss decreased (0.629126 --> 0.627361).  Saving model ...
Updating learning rate to 1.6423203268260676e-06
Epoch: 43 cost time: 16.423187017440796
Epoch: 43, Steps: 35 | Train Loss: 0.5024581 Vali Loss: 0.6403231 Test Loss: 0.6208378
EarlyStopping counter: 1 out of 20
Updating learning rate to 1.4780882941434609e-06
Epoch: 44 cost time: 16.913961172103882
Epoch: 44, Steps: 35 | Train Loss: 0.5024484 Vali Loss: 0.6441901 Test Loss: 0.6208453
EarlyStopping counter: 2 out of 20
Updating learning rate to 1.3302794647291146e-06
Epoch: 45 cost time: 16.461872339248657
Epoch: 45, Steps: 35 | Train Loss: 0.5028961 Vali Loss: 0.6346615 Test Loss: 0.6205515
EarlyStopping counter: 3 out of 20
Updating learning rate to 1.1972515182562034e-06
Epoch: 46 cost time: 16.581116199493408
Epoch: 46, Steps: 35 | Train Loss: 0.5024126 Vali Loss: 0.6446604 Test Loss: 0.6204906
EarlyStopping counter: 4 out of 20
Updating learning rate to 1.077526366430583e-06
Epoch: 47 cost time: 16.46555471420288
Epoch: 47, Steps: 35 | Train Loss: 0.5033342 Vali Loss: 0.6356797 Test Loss: 0.6205343
EarlyStopping counter: 5 out of 20
Updating learning rate to 9.697737297875248e-07
Epoch: 48 cost time: 16.43728256225586
Epoch: 48, Steps: 35 | Train Loss: 0.5015452 Vali Loss: 0.6481323 Test Loss: 0.6207277
EarlyStopping counter: 6 out of 20
Updating learning rate to 8.727963568087723e-07
Epoch: 49 cost time: 16.427141666412354
Epoch: 49, Steps: 35 | Train Loss: 0.5023719 Vali Loss: 0.6395835 Test Loss: 0.6205525
EarlyStopping counter: 7 out of 20
Updating learning rate to 7.855167211278951e-07
Epoch: 50 cost time: 16.42978024482727
Epoch: 50, Steps: 35 | Train Loss: 0.5025640 Vali Loss: 0.6414375 Test Loss: 0.6205683
EarlyStopping counter: 8 out of 20
Updating learning rate to 7.069650490151056e-07
Epoch: 51 cost time: 16.49342179298401
Epoch: 51, Steps: 35 | Train Loss: 0.5026658 Vali Loss: 0.6468873 Test Loss: 0.6205902
EarlyStopping counter: 9 out of 20
Updating learning rate to 6.36268544113595e-07
Epoch: 52 cost time: 16.49616241455078
Epoch: 52, Steps: 35 | Train Loss: 0.5015507 Vali Loss: 0.6385803 Test Loss: 0.6206664
EarlyStopping counter: 10 out of 20
Updating learning rate to 5.726416897022355e-07
Epoch: 53 cost time: 16.388749599456787
Epoch: 53, Steps: 35 | Train Loss: 0.5022819 Vali Loss: 0.6538737 Test Loss: 0.6205764
EarlyStopping counter: 11 out of 20
Updating learning rate to 5.15377520732012e-07
Epoch: 54 cost time: 16.456764698028564
Epoch: 54, Steps: 35 | Train Loss: 0.5028368 Vali Loss: 0.6495224 Test Loss: 0.6205249
EarlyStopping counter: 12 out of 20
Updating learning rate to 4.6383976865881085e-07
Epoch: 55 cost time: 17.05763006210327
Epoch: 55, Steps: 35 | Train Loss: 0.5019674 Vali Loss: 0.6342994 Test Loss: 0.6204208
EarlyStopping counter: 13 out of 20
Updating learning rate to 4.174557917929298e-07
Epoch: 56 cost time: 16.4028000831604
Epoch: 56, Steps: 35 | Train Loss: 0.5024202 Vali Loss: 0.6384295 Test Loss: 0.6204472
EarlyStopping counter: 14 out of 20
Updating learning rate to 3.7571021261363677e-07
Epoch: 57 cost time: 16.530681610107422
Epoch: 57, Steps: 35 | Train Loss: 0.5010892 Vali Loss: 0.6475165 Test Loss: 0.6204880
EarlyStopping counter: 15 out of 20
Updating learning rate to 3.381391913522731e-07
Epoch: 58 cost time: 16.40372657775879
Epoch: 58, Steps: 35 | Train Loss: 0.5011277 Vali Loss: 0.6265737 Test Loss: 0.6205693
Validation loss decreased (0.627361 --> 0.626574).  Saving model ...
Updating learning rate to 3.043252722170458e-07
Epoch: 59 cost time: 16.434805631637573
Epoch: 59, Steps: 35 | Train Loss: 0.5022612 Vali Loss: 0.6434253 Test Loss: 0.6205910
EarlyStopping counter: 1 out of 20
Updating learning rate to 2.7389274499534124e-07
Epoch: 60 cost time: 16.461273431777954
Epoch: 60, Steps: 35 | Train Loss: 0.5015317 Vali Loss: 0.6494949 Test Loss: 0.6205703
EarlyStopping counter: 2 out of 20
Updating learning rate to 2.465034704958071e-07
Epoch: 61 cost time: 16.413796186447144
Epoch: 61, Steps: 35 | Train Loss: 0.5017816 Vali Loss: 0.6363503 Test Loss: 0.6205530
EarlyStopping counter: 3 out of 20
Updating learning rate to 2.218531234462264e-07
Epoch: 62 cost time: 16.40698266029358
Epoch: 62, Steps: 35 | Train Loss: 0.5012388 Vali Loss: 0.6319773 Test Loss: 0.6205734
EarlyStopping counter: 4 out of 20
Updating learning rate to 1.9966781110160376e-07
Epoch: 63 cost time: 16.48346185684204
Epoch: 63, Steps: 35 | Train Loss: 0.5008506 Vali Loss: 0.6504000 Test Loss: 0.6206200
EarlyStopping counter: 5 out of 20
Updating learning rate to 1.797010299914434e-07
Epoch: 64 cost time: 17.1716411113739
Epoch: 64, Steps: 35 | Train Loss: 0.5012831 Vali Loss: 0.6494993 Test Loss: 0.6206291
EarlyStopping counter: 6 out of 20
Updating learning rate to 1.6173092699229907e-07
Epoch: 65 cost time: 16.417675256729126
Epoch: 65, Steps: 35 | Train Loss: 0.5015195 Vali Loss: 0.6425948 Test Loss: 0.6206450
EarlyStopping counter: 7 out of 20
Updating learning rate to 1.4555783429306916e-07
Epoch: 66 cost time: 16.45749020576477
Epoch: 66, Steps: 35 | Train Loss: 0.4999757 Vali Loss: 0.6306908 Test Loss: 0.6206478
EarlyStopping counter: 8 out of 20
Updating learning rate to 1.3100205086376224e-07
Epoch: 67 cost time: 16.417600393295288
Epoch: 67, Steps: 35 | Train Loss: 0.5011483 Vali Loss: 0.6443963 Test Loss: 0.6205902
EarlyStopping counter: 9 out of 20
Updating learning rate to 1.1790184577738603e-07
Epoch: 68 cost time: 16.4698269367218
Epoch: 68, Steps: 35 | Train Loss: 0.5020922 Vali Loss: 0.6385769 Test Loss: 0.6205689
EarlyStopping counter: 10 out of 20
Updating learning rate to 1.0611166119964742e-07
Epoch: 69 cost time: 16.885315895080566
Epoch: 69, Steps: 35 | Train Loss: 0.5012732 Vali Loss: 0.6508400 Test Loss: 0.6205371
EarlyStopping counter: 11 out of 20
Updating learning rate to 9.550049507968268e-08
Epoch: 70 cost time: 16.45440435409546
Epoch: 70, Steps: 35 | Train Loss: 0.5010731 Vali Loss: 0.6485174 Test Loss: 0.6205922
EarlyStopping counter: 12 out of 20
Updating learning rate to 8.595044557171442e-08
Epoch: 71 cost time: 16.59765887260437
Epoch: 71, Steps: 35 | Train Loss: 0.5012017 Vali Loss: 0.6494968 Test Loss: 0.6206055
EarlyStopping counter: 13 out of 20
Updating learning rate to 7.735540101454298e-08
Epoch: 72 cost time: 16.391350507736206
Epoch: 72, Steps: 35 | Train Loss: 0.5009924 Vali Loss: 0.6326220 Test Loss: 0.6206260
EarlyStopping counter: 14 out of 20
Updating learning rate to 6.961986091308869e-08
Epoch: 73 cost time: 16.47143292427063
Epoch: 73, Steps: 35 | Train Loss: 0.5008341 Vali Loss: 0.6416199 Test Loss: 0.6206053
EarlyStopping counter: 15 out of 20
Updating learning rate to 6.265787482177981e-08
Epoch: 74 cost time: 16.453001976013184
Epoch: 74, Steps: 35 | Train Loss: 0.5011111 Vali Loss: 0.6341073 Test Loss: 0.6205574
EarlyStopping counter: 16 out of 20
Updating learning rate to 5.639208733960184e-08
Epoch: 75 cost time: 16.453070640563965
Epoch: 75, Steps: 35 | Train Loss: 0.5011774 Vali Loss: 0.6539625 Test Loss: 0.6205889
EarlyStopping counter: 17 out of 20
Updating learning rate to 5.075287860564165e-08
Epoch: 76 cost time: 16.41889977455139
Epoch: 76, Steps: 35 | Train Loss: 0.5004921 Vali Loss: 0.6410604 Test Loss: 0.6205754
EarlyStopping counter: 18 out of 20
Updating learning rate to 4.567759074507749e-08
Epoch: 77 cost time: 16.40696907043457
Epoch: 77, Steps: 35 | Train Loss: 0.5011577 Vali Loss: 0.6137700 Test Loss: 0.6205567
Validation loss decreased (0.626574 --> 0.613770).  Saving model ...
Updating learning rate to 4.1109831670569744e-08
Epoch: 78 cost time: 16.442622900009155
Epoch: 78, Steps: 35 | Train Loss: 0.5007999 Vali Loss: 0.6638448 Test Loss: 0.6205255
EarlyStopping counter: 1 out of 20
Updating learning rate to 3.6998848503512764e-08
Epoch: 79 cost time: 16.476175785064697
Epoch: 79, Steps: 35 | Train Loss: 0.5014727 Vali Loss: 0.6443054 Test Loss: 0.6205463
EarlyStopping counter: 2 out of 20
Updating learning rate to 3.3298963653161496e-08
Epoch: 80 cost time: 16.65021777153015
Epoch: 80, Steps: 35 | Train Loss: 0.5018805 Vali Loss: 0.6423511 Test Loss: 0.6205429
EarlyStopping counter: 3 out of 20
Updating learning rate to 2.996906728784534e-08
Epoch: 81 cost time: 16.46718406677246
Epoch: 81, Steps: 35 | Train Loss: 0.5017626 Vali Loss: 0.6435701 Test Loss: 0.6205548
EarlyStopping counter: 4 out of 20
Updating learning rate to 2.697216055906081e-08
Epoch: 82 cost time: 16.46151065826416
Epoch: 82, Steps: 35 | Train Loss: 0.4999861 Vali Loss: 0.6467402 Test Loss: 0.6205474
EarlyStopping counter: 5 out of 20
Updating learning rate to 2.427494450315473e-08
Epoch: 83 cost time: 16.523432970046997
Epoch: 83, Steps: 35 | Train Loss: 0.5011169 Vali Loss: 0.6461478 Test Loss: 0.6205302
EarlyStopping counter: 6 out of 20
Updating learning rate to 2.1847450052839257e-08
Epoch: 84 cost time: 16.442617416381836
Epoch: 84, Steps: 35 | Train Loss: 0.5002340 Vali Loss: 0.6503002 Test Loss: 0.6205314
EarlyStopping counter: 7 out of 20
Updating learning rate to 1.9662705047555332e-08
Epoch: 85 cost time: 16.577078104019165
Epoch: 85, Steps: 35 | Train Loss: 0.5008512 Vali Loss: 0.6459629 Test Loss: 0.6205303
EarlyStopping counter: 8 out of 20
Updating learning rate to 1.7696434542799797e-08
Epoch: 86 cost time: 16.500189542770386
Epoch: 86, Steps: 35 | Train Loss: 0.5003893 Vali Loss: 0.6407651 Test Loss: 0.6205319
EarlyStopping counter: 9 out of 20
Updating learning rate to 1.5926791088519817e-08
Epoch: 87 cost time: 16.388428688049316
Epoch: 87, Steps: 35 | Train Loss: 0.5013559 Vali Loss: 0.6355761 Test Loss: 0.6205308
EarlyStopping counter: 10 out of 20
Updating learning rate to 1.4334111979667836e-08
Epoch: 88 cost time: 16.5363826751709
Epoch: 88, Steps: 35 | Train Loss: 0.5012254 Vali Loss: 0.6359187 Test Loss: 0.6205333
EarlyStopping counter: 11 out of 20
Updating learning rate to 1.2900700781701054e-08
Epoch: 89 cost time: 16.4742648601532
Epoch: 89, Steps: 35 | Train Loss: 0.5012338 Vali Loss: 0.6388770 Test Loss: 0.6205326
EarlyStopping counter: 12 out of 20
Updating learning rate to 1.161063070353095e-08
Epoch: 90 cost time: 16.50133180618286
Epoch: 90, Steps: 35 | Train Loss: 0.5015119 Vali Loss: 0.6400380 Test Loss: 0.6205322
EarlyStopping counter: 13 out of 20
Updating learning rate to 1.0449567633177854e-08
Epoch: 91 cost time: 16.459835290908813
Epoch: 91, Steps: 35 | Train Loss: 0.5011366 Vali Loss: 0.6479138 Test Loss: 0.6205581
EarlyStopping counter: 14 out of 20
Updating learning rate to 9.404610869860069e-09
Epoch: 92 cost time: 16.587729454040527
Epoch: 92, Steps: 35 | Train Loss: 0.5008169 Vali Loss: 0.6390708 Test Loss: 0.6205490
EarlyStopping counter: 15 out of 20
Updating learning rate to 8.464149782874063e-09
Epoch: 93 cost time: 16.452187299728394
Epoch: 93, Steps: 35 | Train Loss: 0.5007819 Vali Loss: 0.6430719 Test Loss: 0.6205453
EarlyStopping counter: 16 out of 20
Updating learning rate to 7.617734804586658e-09
Epoch: 94 cost time: 17.040680170059204
Epoch: 94, Steps: 35 | Train Loss: 0.5021446 Vali Loss: 0.6415400 Test Loss: 0.6205460
EarlyStopping counter: 17 out of 20
Updating learning rate to 6.855961324127991e-09
Epoch: 95 cost time: 16.403736114501953
Epoch: 95, Steps: 35 | Train Loss: 0.5009297 Vali Loss: 0.6473193 Test Loss: 0.6205425
EarlyStopping counter: 18 out of 20
Updating learning rate to 6.170365191715193e-09
Epoch: 96 cost time: 16.568135499954224
Epoch: 96, Steps: 35 | Train Loss: 0.5015495 Vali Loss: 0.6309764 Test Loss: 0.6205426
EarlyStopping counter: 19 out of 20
Updating learning rate to 5.5533286725436726e-09
Epoch: 97 cost time: 16.409616947174072
Epoch: 97, Steps: 35 | Train Loss: 0.5004921 Vali Loss: 0.6425160 Test Loss: 0.6205425
EarlyStopping counter: 20 out of 20
Early stopping
>>>>>>>testing : Autoformer_AAPL_without_sentiment_336_96<<<<<<<<<<<<<<<<<<<<<<<<<<<<<<<<<
test 2623
mse:289218625536.0, mae:78471.1171875, rse:0.9651252627372742
