Args in experiment:
Namespace(activation='gelu', affine=0, batch_size=256, c_out=18, d_ff=256, d_model=128, data='custom', data_path='AAPL_pct.csv', date_header='Timestamp', dec_in=18, decoder_layers=1, decomposition=1, des='Exp', devices='0,1,2,3', distil=True, do_predict=False, dropout=0.2, e_layers=3, embed='timeF', embed_type=0, enc_in=18, factor=1, fc_dropout=0.2, features='M', freq='d', gpu=0, head_dropout=0.0, individual=0, is_training=1, itr=1, kernel_size=25, label_len=48, learning_rate=0.0001, loss='mse', lradj='type3', model='Autoformer', model_id='Autoformer_AAPL_pct_336_96', moving_avg=25, n_heads=16, num_workers=10, output_attention=False, padding_patch='end', patch_len=16, patience=20, pct_start=0.3, pred_len=96, random_seed=2021, result_path='./predictor/results/', revin=1, root_path='./predictor/dataset/', seq_len=336, stride=8, subtract_last=0, target='Close', test_flop=False, train_epochs=100, use_amp=False, use_gpu=True, use_multi_gpu=False)
Use GPU: cuda:0
>>>>>>>start training : Autoformer_AAPL_pct_336_96>>>>>>>>>>>>>>>>>>>>>>>>>>
train 10792
val 1510
test 3111
Epoch: 1 cost time: 18.64246439933777
Epoch: 1, Steps: 42 | Train Loss: 1.3150600 Vali Loss: 1.4401441 Test Loss: 1.7347589
Validation loss decreased (inf --> 1.440144).  Saving model ...
Updating learning rate to 0.0001
Epoch: 2 cost time: 18.88184142112732
Epoch: 2, Steps: 42 | Train Loss: 1.1543912 Vali Loss: 1.2707901 Test Loss: 1.5348917
Validation loss decreased (1.440144 --> 1.270790).  Saving model ...
Updating learning rate to 0.0001
Epoch: 3 cost time: 19.323204278945923
Epoch: 3, Steps: 42 | Train Loss: 1.0808416 Vali Loss: 1.2754406 Test Loss: 1.5187306
EarlyStopping counter: 1 out of 20
Updating learning rate to 0.0001
Epoch: 4 cost time: 19.337331295013428
Epoch: 4, Steps: 42 | Train Loss: 1.0639797 Vali Loss: 1.2616539 Test Loss: 1.5140709
Validation loss decreased (1.270790 --> 1.261654).  Saving model ...
Updating learning rate to 9e-05
Epoch: 5 cost time: 19.318238496780396
Epoch: 5, Steps: 42 | Train Loss: 1.0578429 Vali Loss: 1.2653023 Test Loss: 1.5130725
EarlyStopping counter: 1 out of 20
Updating learning rate to 8.1e-05
Epoch: 6 cost time: 19.246871948242188
Epoch: 6, Steps: 42 | Train Loss: 1.0534112 Vali Loss: 1.2652586 Test Loss: 1.5120064
EarlyStopping counter: 2 out of 20
Updating learning rate to 7.290000000000001e-05
Epoch: 7 cost time: 19.750821352005005
Epoch: 7, Steps: 42 | Train Loss: 1.0509515 Vali Loss: 1.2694709 Test Loss: 1.5111622
EarlyStopping counter: 3 out of 20
Updating learning rate to 6.561e-05
Epoch: 8 cost time: 19.320114850997925
Epoch: 8, Steps: 42 | Train Loss: 1.0487663 Vali Loss: 1.2720054 Test Loss: 1.5105990
EarlyStopping counter: 4 out of 20
Updating learning rate to 5.904900000000001e-05
Epoch: 9 cost time: 19.274665355682373
Epoch: 9, Steps: 42 | Train Loss: 1.0461395 Vali Loss: 1.2509210 Test Loss: 1.5097097
Validation loss decreased (1.261654 --> 1.250921).  Saving model ...
Updating learning rate to 5.3144100000000005e-05
Epoch: 10 cost time: 19.28371000289917
Epoch: 10, Steps: 42 | Train Loss: 1.0449951 Vali Loss: 1.2642298 Test Loss: 1.5099267
EarlyStopping counter: 1 out of 20
Updating learning rate to 4.782969000000001e-05
Epoch: 11 cost time: 19.276808977127075
Epoch: 11, Steps: 42 | Train Loss: 1.0421116 Vali Loss: 1.2722924 Test Loss: 1.5087190
EarlyStopping counter: 2 out of 20
Updating learning rate to 4.304672100000001e-05
Epoch: 12 cost time: 19.24605679512024
Epoch: 12, Steps: 42 | Train Loss: 1.0422268 Vali Loss: 1.2557180 Test Loss: 1.5086747
EarlyStopping counter: 3 out of 20
Updating learning rate to 3.874204890000001e-05
Epoch: 13 cost time: 19.285979747772217
Epoch: 13, Steps: 42 | Train Loss: 1.0401797 Vali Loss: 1.2644260 Test Loss: 1.5091647
EarlyStopping counter: 4 out of 20
Updating learning rate to 3.486784401000001e-05
Epoch: 14 cost time: 19.750585794448853
Epoch: 14, Steps: 42 | Train Loss: 1.0385666 Vali Loss: 1.2651269 Test Loss: 1.5096513
EarlyStopping counter: 5 out of 20
Updating learning rate to 3.138105960900001e-05
Epoch: 15 cost time: 19.298053979873657
Epoch: 15, Steps: 42 | Train Loss: 1.0378621 Vali Loss: 1.2649322 Test Loss: 1.5087231
EarlyStopping counter: 6 out of 20
Updating learning rate to 2.824295364810001e-05
Epoch: 16 cost time: 19.318769693374634
Epoch: 16, Steps: 42 | Train Loss: 1.0332383 Vali Loss: 1.2685822 Test Loss: 1.5105180
EarlyStopping counter: 7 out of 20
Updating learning rate to 2.541865828329001e-05
Epoch: 17 cost time: 19.26148819923401
Epoch: 17, Steps: 42 | Train Loss: 1.0308902 Vali Loss: 1.2513566 Test Loss: 1.5092546
EarlyStopping counter: 8 out of 20
Updating learning rate to 2.287679245496101e-05
Epoch: 18 cost time: 19.384069681167603
Epoch: 18, Steps: 42 | Train Loss: 1.0252455 Vali Loss: 1.2784791 Test Loss: 1.5080529
EarlyStopping counter: 9 out of 20
Updating learning rate to 2.0589113209464907e-05
Epoch: 19 cost time: 19.318469047546387
Epoch: 19, Steps: 42 | Train Loss: 1.0141623 Vali Loss: 1.2732674 Test Loss: 1.5052761
EarlyStopping counter: 10 out of 20
Updating learning rate to 1.8530201888518416e-05
Epoch: 20 cost time: 19.336036920547485
Epoch: 20, Steps: 42 | Train Loss: 1.0020042 Vali Loss: 1.2380425 Test Loss: 1.5205708
Validation loss decreased (1.250921 --> 1.238042).  Saving model ...
Updating learning rate to 1.6677181699666577e-05
Epoch: 21 cost time: 19.321747064590454
Epoch: 21, Steps: 42 | Train Loss: 0.9903141 Vali Loss: 1.2471390 Test Loss: 1.5263871
EarlyStopping counter: 1 out of 20
Updating learning rate to 1.5009463529699919e-05
Epoch: 22 cost time: 19.244141817092896
Epoch: 22, Steps: 42 | Train Loss: 0.9865104 Vali Loss: 1.2421465 Test Loss: 1.5453978
EarlyStopping counter: 2 out of 20
Updating learning rate to 1.3508517176729929e-05
Epoch: 23 cost time: 19.252811908721924
Epoch: 23, Steps: 42 | Train Loss: 0.9817425 Vali Loss: 1.2627704 Test Loss: 1.5603946
EarlyStopping counter: 3 out of 20
Updating learning rate to 1.2157665459056936e-05
Epoch: 24 cost time: 19.33070969581604
Epoch: 24, Steps: 42 | Train Loss: 0.9757648 Vali Loss: 1.2622620 Test Loss: 1.5706248
EarlyStopping counter: 4 out of 20
Updating learning rate to 1.0941898913151242e-05
Epoch: 25 cost time: 19.3425395488739
Epoch: 25, Steps: 42 | Train Loss: 0.9734856 Vali Loss: 1.2617853 Test Loss: 1.5744438
EarlyStopping counter: 5 out of 20
Updating learning rate to 9.847709021836118e-06
Epoch: 26 cost time: 19.281507968902588
Epoch: 26, Steps: 42 | Train Loss: 0.9741116 Vali Loss: 1.2502006 Test Loss: 1.5671129
EarlyStopping counter: 6 out of 20
Updating learning rate to 8.862938119652508e-06
Epoch: 27 cost time: 19.267643928527832
Epoch: 27, Steps: 42 | Train Loss: 0.9717514 Vali Loss: 1.2559767 Test Loss: 1.5691487
EarlyStopping counter: 7 out of 20
Updating learning rate to 7.976644307687255e-06
Epoch: 28 cost time: 19.2526535987854
Epoch: 28, Steps: 42 | Train Loss: 0.9697983 Vali Loss: 1.2512634 Test Loss: 1.5633255
EarlyStopping counter: 8 out of 20
Updating learning rate to 7.178979876918531e-06
Epoch: 29 cost time: 19.27266812324524
Epoch: 29, Steps: 42 | Train Loss: 0.9679057 Vali Loss: 1.2635583 Test Loss: 1.5647639
EarlyStopping counter: 9 out of 20
Updating learning rate to 6.4610818892266776e-06
Epoch: 30 cost time: 19.296644687652588
Epoch: 30, Steps: 42 | Train Loss: 0.9667504 Vali Loss: 1.2576574 Test Loss: 1.5599660
EarlyStopping counter: 10 out of 20
Updating learning rate to 5.8149737003040096e-06
Epoch: 31 cost time: 19.314877033233643
Epoch: 31, Steps: 42 | Train Loss: 0.9691777 Vali Loss: 1.2693805 Test Loss: 1.5634269
EarlyStopping counter: 11 out of 20
Updating learning rate to 5.23347633027361e-06
Epoch: 32 cost time: 19.33836317062378
Epoch: 32, Steps: 42 | Train Loss: 0.9654424 Vali Loss: 1.2653962 Test Loss: 1.5676852
EarlyStopping counter: 12 out of 20
Updating learning rate to 4.710128697246249e-06
Epoch: 33 cost time: 19.313253164291382
Epoch: 33, Steps: 42 | Train Loss: 0.9626433 Vali Loss: 1.2473757 Test Loss: 1.5682091
EarlyStopping counter: 13 out of 20
Updating learning rate to 4.239115827521624e-06
Epoch: 34 cost time: 19.279364824295044
Epoch: 34, Steps: 42 | Train Loss: 0.9636946 Vali Loss: 1.2576698 Test Loss: 1.5697466
EarlyStopping counter: 14 out of 20
Updating learning rate to 3.815204244769462e-06
Epoch: 35 cost time: 19.284767866134644
Epoch: 35, Steps: 42 | Train Loss: 0.9665568 Vali Loss: 1.2625656 Test Loss: 1.5694480
EarlyStopping counter: 15 out of 20
Updating learning rate to 3.4336838202925152e-06
Epoch: 36 cost time: 19.29130506515503
Epoch: 36, Steps: 42 | Train Loss: 0.9646665 Vali Loss: 1.2692401 Test Loss: 1.5704261
EarlyStopping counter: 16 out of 20
Updating learning rate to 3.090315438263264e-06
Epoch: 37 cost time: 19.334078311920166
Epoch: 37, Steps: 42 | Train Loss: 0.9627107 Vali Loss: 1.2703261 Test Loss: 1.5707783
EarlyStopping counter: 17 out of 20
Updating learning rate to 2.7812838944369375e-06
Epoch: 38 cost time: 19.264801502227783
Epoch: 38, Steps: 42 | Train Loss: 0.9632473 Vali Loss: 1.2620827 Test Loss: 1.5695239
EarlyStopping counter: 18 out of 20
Updating learning rate to 2.503155504993244e-06
Epoch: 39 cost time: 19.338297843933105
Epoch: 39, Steps: 42 | Train Loss: 0.9618025 Vali Loss: 1.2678888 Test Loss: 1.5696740
EarlyStopping counter: 19 out of 20
Updating learning rate to 2.2528399544939195e-06
Epoch: 40 cost time: 19.73805284500122
Epoch: 40, Steps: 42 | Train Loss: 0.9642173 Vali Loss: 1.2521946 Test Loss: 1.5700413
EarlyStopping counter: 20 out of 20
Early stopping
>>>>>>>testing : Autoformer_AAPL_pct_336_96<<<<<<<<<<<<<<<<<<<<<<<<<<<<<<<<<
test 3111
mse:25.881582260131836, mae:1.6574136018753052, rse:0.27209317684173584
