Args in experiment:
Namespace(random_seed=2021, is_training=1, model_id='AAPL_336_96', model='DLinear', data='custom', root_path='./predictor/dataset/', data_path='AAPL.csv', result_path='./predictor/results/', features='M', target='Close', freq='h', date_header='timestamp', seq_len=336, label_len=48, pred_len=96, fc_dropout=0.05, head_dropout=0.0, patch_len=16, stride=8, padding_patch='end', revin=1, affine=0, subtract_last=0, decomposition=0, kernel_size=25, individual=0, embed_type=0, enc_in=5, dec_in=7, c_out=7, d_model=512, n_heads=8, e_layers=2, decoder_layers=1, d_ff=2048, moving_avg=25, factor=1, distil=True, dropout=0.05, embed='timeF', activation='gelu', output_attention=False, do_predict=False, num_workers=10, itr=1, train_epochs=100, batch_size=256, patience=100, learning_rate=0.0001, des='Exp', loss='mse', lradj='type3', pct_start=0.3, use_amp=False, use_gpu=True, gpu=0, use_multi_gpu=False, devices='0,1,2,3', test_flop=False)
Use GPU: cuda:0
>>>>>>>start training : AAPL_336_96_DLinear_custom_ftM_sl336_ll48_pl96_dm512_nh8_el2_dl1_df2048_fc1_ebtimeF_dtTrue_Exp_0>>>>>>>>>>>>>>>>>>>>>>>>>>
train 6757
val 933
test 1959
Epoch: 1 cost time: 1.7824127674102783
Epoch: 1, Steps: 26 | Train Loss: 1.1400450 Vali Loss: 55.5154076 Test Loss: 1096.4943848
Validation loss decreased (inf --> 55.515408).  Saving model ...
Updating learning rate to 0.0001
Epoch: 2 cost time: 1.4442479610443115
Epoch: 2, Steps: 26 | Train Loss: 0.7493812 Vali Loss: 14.9000292 Test Loss: 291.9471741
Validation loss decreased (55.515408 --> 14.900029).  Saving model ...
Updating learning rate to 0.0001
Epoch: 3 cost time: 0.9318854808807373
Epoch: 3, Steps: 26 | Train Loss: 0.3669831 Vali Loss: 4.9670277 Test Loss: 83.5220795
Validation loss decreased (14.900029 --> 4.967028).  Saving model ...
Updating learning rate to 0.0001
Epoch: 4 cost time: 0.8667490482330322
Epoch: 4, Steps: 26 | Train Loss: 0.2793516 Vali Loss: 3.0339119 Test Loss: 45.7465477
Validation loss decreased (4.967028 --> 3.033912).  Saving model ...
Updating learning rate to 9e-05
Epoch: 5 cost time: 1.0013189315795898
Epoch: 5, Steps: 26 | Train Loss: 0.2555331 Vali Loss: 2.5899448 Test Loss: 35.8099403
Validation loss decreased (3.033912 --> 2.589945).  Saving model ...
Updating learning rate to 8.1e-05
Epoch: 6 cost time: 0.9790441989898682
Epoch: 6, Steps: 26 | Train Loss: 0.2438714 Vali Loss: 2.3256373 Test Loss: 32.0590744
Validation loss decreased (2.589945 --> 2.325637).  Saving model ...
Updating learning rate to 7.290000000000001e-05
Epoch: 7 cost time: 0.8919131755828857
Epoch: 7, Steps: 26 | Train Loss: 0.2364194 Vali Loss: 2.1663926 Test Loss: 30.3913097
Validation loss decreased (2.325637 --> 2.166393).  Saving model ...
Updating learning rate to 6.561e-05
Epoch: 8 cost time: 0.9006736278533936
Epoch: 8, Steps: 26 | Train Loss: 0.2304605 Vali Loss: 2.1399131 Test Loss: 29.3475685
Validation loss decreased (2.166393 --> 2.139913).  Saving model ...
Updating learning rate to 5.904900000000001e-05
Epoch: 9 cost time: 0.947913646697998
Epoch: 9, Steps: 26 | Train Loss: 0.2260962 Vali Loss: 2.1479111 Test Loss: 28.6383667
EarlyStopping counter: 1 out of 100
Updating learning rate to 5.3144100000000005e-05
Epoch: 10 cost time: 1.0257060527801514
Epoch: 10, Steps: 26 | Train Loss: 0.2224049 Vali Loss: 2.0578306 Test Loss: 28.1173153
Validation loss decreased (2.139913 --> 2.057831).  Saving model ...
Updating learning rate to 4.782969000000001e-05
Epoch: 11 cost time: 0.8747401237487793
Epoch: 11, Steps: 26 | Train Loss: 0.2186229 Vali Loss: 2.0150487 Test Loss: 27.5449200
Validation loss decreased (2.057831 --> 2.015049).  Saving model ...
Updating learning rate to 4.304672100000001e-05
Epoch: 12 cost time: 0.872086763381958
Epoch: 12, Steps: 26 | Train Loss: 0.2162101 Vali Loss: 1.9779276 Test Loss: 27.1884899
Validation loss decreased (2.015049 --> 1.977928).  Saving model ...
Updating learning rate to 3.874204890000001e-05
Epoch: 13 cost time: 0.9420289993286133
Epoch: 13, Steps: 26 | Train Loss: 0.2142422 Vali Loss: 1.9531164 Test Loss: 26.8462658
Validation loss decreased (1.977928 --> 1.953116).  Saving model ...
Updating learning rate to 3.486784401000001e-05
Epoch: 14 cost time: 0.8732109069824219
Epoch: 14, Steps: 26 | Train Loss: 0.2114093 Vali Loss: 1.9126672 Test Loss: 26.5460548
Validation loss decreased (1.953116 --> 1.912667).  Saving model ...
Updating learning rate to 3.138105960900001e-05
Epoch: 15 cost time: 0.9248504638671875
Epoch: 15, Steps: 26 | Train Loss: 0.2104416 Vali Loss: 1.9366535 Test Loss: 26.2293663
EarlyStopping counter: 1 out of 100
Updating learning rate to 2.824295364810001e-05
Epoch: 16 cost time: 0.8800110816955566
Epoch: 16, Steps: 26 | Train Loss: 0.2087494 Vali Loss: 1.8771790 Test Loss: 25.9991741
Validation loss decreased (1.912667 --> 1.877179).  Saving model ...
Updating learning rate to 2.541865828329001e-05
Epoch: 17 cost time: 0.8745927810668945
Epoch: 17, Steps: 26 | Train Loss: 0.2069733 Vali Loss: 1.8016623 Test Loss: 25.7190685
Validation loss decreased (1.877179 --> 1.801662).  Saving model ...
Updating learning rate to 2.287679245496101e-05
Epoch: 18 cost time: 0.8685531616210938
Epoch: 18, Steps: 26 | Train Loss: 0.2064997 Vali Loss: 1.8744198 Test Loss: 25.5669384
EarlyStopping counter: 1 out of 100
Updating learning rate to 2.0589113209464907e-05
Epoch: 19 cost time: 0.8800318241119385
Epoch: 19, Steps: 26 | Train Loss: 0.2054636 Vali Loss: 1.8539476 Test Loss: 25.3852329
EarlyStopping counter: 2 out of 100
Updating learning rate to 1.8530201888518416e-05
Epoch: 20 cost time: 0.9001448154449463
Epoch: 20, Steps: 26 | Train Loss: 0.2043379 Vali Loss: 1.8296124 Test Loss: 25.2444496
EarlyStopping counter: 3 out of 100
Updating learning rate to 1.6677181699666577e-05
Epoch: 21 cost time: 0.8613176345825195
Epoch: 21, Steps: 26 | Train Loss: 0.2033392 Vali Loss: 1.8070539 Test Loss: 25.0995140
EarlyStopping counter: 4 out of 100
Updating learning rate to 1.5009463529699919e-05
Epoch: 22 cost time: 0.8752574920654297
Epoch: 22, Steps: 26 | Train Loss: 0.2024637 Vali Loss: 1.8088120 Test Loss: 24.9179249
EarlyStopping counter: 5 out of 100
Updating learning rate to 1.3508517176729929e-05
Epoch: 23 cost time: 0.8542995452880859
Epoch: 23, Steps: 26 | Train Loss: 0.2012284 Vali Loss: 1.7832125 Test Loss: 24.8157406
Validation loss decreased (1.801662 --> 1.783213).  Saving model ...
Updating learning rate to 1.2157665459056936e-05
Epoch: 24 cost time: 0.9221291542053223
Epoch: 24, Steps: 26 | Train Loss: 0.2012137 Vali Loss: 1.8161125 Test Loss: 24.7226734
EarlyStopping counter: 1 out of 100
Updating learning rate to 1.0941898913151242e-05
Epoch: 25 cost time: 0.9768500328063965
Epoch: 25, Steps: 26 | Train Loss: 0.2006829 Vali Loss: 1.7907718 Test Loss: 24.6534557
EarlyStopping counter: 2 out of 100
Updating learning rate to 9.847709021836118e-06
Epoch: 26 cost time: 0.8945345878601074
Epoch: 26, Steps: 26 | Train Loss: 0.2002121 Vali Loss: 1.7751718 Test Loss: 24.5703926
Validation loss decreased (1.783213 --> 1.775172).  Saving model ...
Updating learning rate to 8.862938119652508e-06
Epoch: 27 cost time: 1.0205776691436768
Epoch: 27, Steps: 26 | Train Loss: 0.1997952 Vali Loss: 1.7835369 Test Loss: 24.4967136
EarlyStopping counter: 1 out of 100
Updating learning rate to 7.976644307687255e-06
Epoch: 28 cost time: 0.8835108280181885
Epoch: 28, Steps: 26 | Train Loss: 0.1997664 Vali Loss: 1.7991481 Test Loss: 24.4182987
EarlyStopping counter: 2 out of 100
Updating learning rate to 7.178979876918531e-06
Epoch: 29 cost time: 0.8939526081085205
Epoch: 29, Steps: 26 | Train Loss: 0.1985127 Vali Loss: 1.7658867 Test Loss: 24.3424988
Validation loss decreased (1.775172 --> 1.765887).  Saving model ...
Updating learning rate to 6.4610818892266776e-06
Epoch: 30 cost time: 0.8675048351287842
Epoch: 30, Steps: 26 | Train Loss: 0.1983607 Vali Loss: 1.7638174 Test Loss: 24.2831383
Validation loss decreased (1.765887 --> 1.763817).  Saving model ...
Updating learning rate to 5.8149737003040096e-06
Epoch: 31 cost time: 0.8746445178985596
Epoch: 31, Steps: 26 | Train Loss: 0.1985566 Vali Loss: 1.7706608 Test Loss: 24.2294674
EarlyStopping counter: 1 out of 100
Updating learning rate to 5.23347633027361e-06
Epoch: 32 cost time: 1.555105209350586
Epoch: 32, Steps: 26 | Train Loss: 0.1978830 Vali Loss: 1.7633181 Test Loss: 24.2086582
Validation loss decreased (1.763817 --> 1.763318).  Saving model ...
Updating learning rate to 4.710128697246249e-06
Epoch: 33 cost time: 0.849423885345459
Epoch: 33, Steps: 26 | Train Loss: 0.1978844 Vali Loss: 1.7478799 Test Loss: 24.1659546
Validation loss decreased (1.763318 --> 1.747880).  Saving model ...
Updating learning rate to 4.239115827521624e-06
Epoch: 34 cost time: 0.8956668376922607
Epoch: 34, Steps: 26 | Train Loss: 0.1979916 Vali Loss: 1.6907077 Test Loss: 24.1446934
Validation loss decreased (1.747880 --> 1.690708).  Saving model ...
Updating learning rate to 3.815204244769462e-06
Epoch: 35 cost time: 0.861229658126831
Epoch: 35, Steps: 26 | Train Loss: 0.1973657 Vali Loss: 1.7624997 Test Loss: 24.0955811
EarlyStopping counter: 1 out of 100
Updating learning rate to 3.4336838202925152e-06
Epoch: 36 cost time: 0.867650032043457
Epoch: 36, Steps: 26 | Train Loss: 0.1973074 Vali Loss: 1.7423388 Test Loss: 24.0455799
EarlyStopping counter: 2 out of 100
Updating learning rate to 3.090315438263264e-06
Epoch: 37 cost time: 0.956228494644165
Epoch: 37, Steps: 26 | Train Loss: 0.1974400 Vali Loss: 1.7053415 Test Loss: 24.0212460
EarlyStopping counter: 3 out of 100
Updating learning rate to 2.7812838944369375e-06
Epoch: 38 cost time: 0.8713979721069336
Epoch: 38, Steps: 26 | Train Loss: 0.1965114 Vali Loss: 1.7146894 Test Loss: 23.9951191
EarlyStopping counter: 4 out of 100
Updating learning rate to 2.503155504993244e-06
Epoch: 39 cost time: 1.177367925643921
Epoch: 39, Steps: 26 | Train Loss: 0.1969561 Vali Loss: 1.7133430 Test Loss: 23.9736500
EarlyStopping counter: 5 out of 100
Updating learning rate to 2.2528399544939195e-06
Epoch: 40 cost time: 1.339704990386963
Epoch: 40, Steps: 26 | Train Loss: 0.1963622 Vali Loss: 1.7595869 Test Loss: 23.9505749
EarlyStopping counter: 6 out of 100
Updating learning rate to 2.0275559590445276e-06
Epoch: 41 cost time: 0.9255788326263428
Epoch: 41, Steps: 26 | Train Loss: 0.1972120 Vali Loss: 1.7353888 Test Loss: 23.9352608
EarlyStopping counter: 7 out of 100
Updating learning rate to 1.8248003631400751e-06
Epoch: 42 cost time: 0.9599101543426514
Epoch: 42, Steps: 26 | Train Loss: 0.1966523 Vali Loss: 1.7419686 Test Loss: 23.9093380
EarlyStopping counter: 8 out of 100
Updating learning rate to 1.6423203268260676e-06
Epoch: 43 cost time: 0.8946471214294434
Epoch: 43, Steps: 26 | Train Loss: 0.1965422 Vali Loss: 1.6978354 Test Loss: 23.8957119
EarlyStopping counter: 9 out of 100
Updating learning rate to 1.4780882941434609e-06
Epoch: 44 cost time: 1.112715244293213
Epoch: 44, Steps: 26 | Train Loss: 0.1960164 Vali Loss: 1.7728273 Test Loss: 23.8788586
EarlyStopping counter: 10 out of 100
Updating learning rate to 1.3302794647291146e-06
Epoch: 45 cost time: 0.9607388973236084
Epoch: 45, Steps: 26 | Train Loss: 0.1961407 Vali Loss: 1.7564306 Test Loss: 23.8667908
EarlyStopping counter: 11 out of 100
Updating learning rate to 1.1972515182562034e-06
Epoch: 46 cost time: 1.0286624431610107
Epoch: 46, Steps: 26 | Train Loss: 0.1958167 Vali Loss: 1.7252368 Test Loss: 23.8626671
EarlyStopping counter: 12 out of 100
Updating learning rate to 1.077526366430583e-06
Epoch: 47 cost time: 0.9267373085021973
Epoch: 47, Steps: 26 | Train Loss: 0.1960967 Vali Loss: 1.7673587 Test Loss: 23.8495922
EarlyStopping counter: 13 out of 100
Updating learning rate to 9.697737297875248e-07
Epoch: 48 cost time: 0.8668551445007324
Epoch: 48, Steps: 26 | Train Loss: 0.1958128 Vali Loss: 1.7475863 Test Loss: 23.8424282
EarlyStopping counter: 14 out of 100
Updating learning rate to 8.727963568087723e-07
Epoch: 49 cost time: 0.8831284046173096
Epoch: 49, Steps: 26 | Train Loss: 0.1960295 Vali Loss: 1.7410361 Test Loss: 23.8351650
EarlyStopping counter: 15 out of 100
Updating learning rate to 7.855167211278951e-07
Epoch: 50 cost time: 1.0227787494659424
Epoch: 50, Steps: 26 | Train Loss: 0.1958331 Vali Loss: 1.7136030 Test Loss: 23.8275337
EarlyStopping counter: 16 out of 100
Updating learning rate to 7.069650490151056e-07
Epoch: 51 cost time: 0.8686685562133789
Epoch: 51, Steps: 26 | Train Loss: 0.1959695 Vali Loss: 1.7187642 Test Loss: 23.8189182
EarlyStopping counter: 17 out of 100
Updating learning rate to 6.36268544113595e-07
Epoch: 52 cost time: 0.9553298950195312
Epoch: 52, Steps: 26 | Train Loss: 0.1961069 Vali Loss: 1.7376994 Test Loss: 23.8104553
EarlyStopping counter: 18 out of 100
Updating learning rate to 5.726416897022355e-07
Epoch: 53 cost time: 0.8832225799560547
Epoch: 53, Steps: 26 | Train Loss: 0.1959737 Vali Loss: 1.7178454 Test Loss: 23.8071842
EarlyStopping counter: 19 out of 100
Updating learning rate to 5.15377520732012e-07
Epoch: 54 cost time: 0.9630856513977051
Epoch: 54, Steps: 26 | Train Loss: 0.1956746 Vali Loss: 1.7600546 Test Loss: 23.8019314
EarlyStopping counter: 20 out of 100
Updating learning rate to 4.6383976865881085e-07
Epoch: 55 cost time: 0.9562723636627197
Epoch: 55, Steps: 26 | Train Loss: 0.1953019 Vali Loss: 1.7197629 Test Loss: 23.7958775
EarlyStopping counter: 21 out of 100
Updating learning rate to 4.174557917929298e-07
Epoch: 56 cost time: 1.0775673389434814
Epoch: 56, Steps: 26 | Train Loss: 0.1956161 Vali Loss: 1.7392006 Test Loss: 23.7899170
EarlyStopping counter: 22 out of 100
Updating learning rate to 3.7571021261363677e-07
Epoch: 57 cost time: 0.8771505355834961
Epoch: 57, Steps: 26 | Train Loss: 0.1955706 Vali Loss: 1.7259512 Test Loss: 23.7862701
EarlyStopping counter: 23 out of 100
Updating learning rate to 3.381391913522731e-07
Epoch: 58 cost time: 0.8570797443389893
Epoch: 58, Steps: 26 | Train Loss: 0.1958696 Vali Loss: 1.7023634 Test Loss: 23.7808094
EarlyStopping counter: 24 out of 100
Updating learning rate to 3.043252722170458e-07
Epoch: 59 cost time: 0.8675155639648438
