Args in experiment:
Namespace(activation='gelu', affine=0, batch_size=128, c_out=7, d_ff=256, d_model=128, data='custom', data_path='AAPL_without_sentiment.csv', date_header='Timestamp', dec_in=19, decoder_layers=1, decomposition=1, des='Exp', devices='0,1,2,3', distil=True, do_predict=False, dropout=0.2, e_layers=3, embed='timeF', embed_type=0, enc_in=19, factor=1, fc_dropout=0.2, features='M', freq='1d', gpu=0, head_dropout=0.0, individual=0, is_training=1, itr=1, kernel_size=25, label_len=48, learning_rate=0.0001, loss='mse', lradj='type3', model='PatchTST', model_id='PatchTST_AAPL_without_sentiment_336_96', moving_avg=25, n_heads=16, num_workers=10, output_attention=False, padding_patch='end', patch_len=16, patience=20, pct_start=0.3, pred_len=96, random_seed=2024, result_path='./predictor/results/', revin=1, root_path='./predictor/dataset/', seq_len=336, stride=8, subtract_last=0, target='Close', test_flop=False, train_epochs=100, use_amp=False, use_gpu=True, use_multi_gpu=False)
Use GPU: cuda:0
>>>>>>>start training : PatchTST_AAPL_without_sentiment_336_96>>>>>>>>>>>>>>>>>>>>>>>>>>
train 9084
val 1265
test 2623
Epoch: 1 cost time: 46.12026906013489
Epoch: 1, Steps: 70 | Train Loss: 0.5909221 Vali Loss: 0.6202996 Test Loss: 0.6098499
Validation loss decreased (inf --> 0.620300).  Saving model ...
Updating learning rate to 0.0001
Epoch: 2 cost time: 45.334295988082886
Epoch: 2, Steps: 70 | Train Loss: 0.4614793 Vali Loss: 0.5137174 Test Loss: 0.4646553
Validation loss decreased (0.620300 --> 0.513717).  Saving model ...
Updating learning rate to 0.0001
Epoch: 3 cost time: 45.578036308288574
Epoch: 3, Steps: 70 | Train Loss: 0.3970003 Vali Loss: 0.4836339 Test Loss: 0.4393017
Validation loss decreased (0.513717 --> 0.483634).  Saving model ...
Updating learning rate to 0.0001
Epoch: 4 cost time: 45.62972378730774
Epoch: 4, Steps: 70 | Train Loss: 0.3750120 Vali Loss: 0.4760205 Test Loss: 0.4252920
Validation loss decreased (0.483634 --> 0.476020).  Saving model ...
Updating learning rate to 9e-05
Epoch: 5 cost time: 46.07186961174011
Epoch: 5, Steps: 70 | Train Loss: 0.3640319 Vali Loss: 0.4903774 Test Loss: 0.4252956
EarlyStopping counter: 1 out of 20
Updating learning rate to 8.1e-05
Epoch: 6 cost time: 45.77067708969116
Epoch: 6, Steps: 70 | Train Loss: 0.3536677 Vali Loss: 0.4916782 Test Loss: 0.4294473
EarlyStopping counter: 2 out of 20
Updating learning rate to 7.290000000000001e-05
Epoch: 7 cost time: 45.572208404541016
Epoch: 7, Steps: 70 | Train Loss: 0.3452956 Vali Loss: 0.4949363 Test Loss: 0.4242092
EarlyStopping counter: 3 out of 20
Updating learning rate to 6.561e-05
Epoch: 8 cost time: 45.82012104988098
Epoch: 8, Steps: 70 | Train Loss: 0.3377413 Vali Loss: 0.5021281 Test Loss: 0.4212652
EarlyStopping counter: 4 out of 20
Updating learning rate to 5.904900000000001e-05
Epoch: 9 cost time: 45.635066509246826
Epoch: 9, Steps: 70 | Train Loss: 0.3310452 Vali Loss: 0.4960285 Test Loss: 0.4335082
EarlyStopping counter: 5 out of 20
Updating learning rate to 5.3144100000000005e-05
Epoch: 10 cost time: 45.545262813568115
Epoch: 10, Steps: 70 | Train Loss: 0.3262349 Vali Loss: 0.5159062 Test Loss: 0.4383558
EarlyStopping counter: 6 out of 20
Updating learning rate to 4.782969000000001e-05
Epoch: 11 cost time: 45.504019021987915
Epoch: 11, Steps: 70 | Train Loss: 0.3206753 Vali Loss: 0.5067931 Test Loss: 0.4339114
EarlyStopping counter: 7 out of 20
Updating learning rate to 4.304672100000001e-05
Epoch: 12 cost time: 45.530860900878906
Epoch: 12, Steps: 70 | Train Loss: 0.3162804 Vali Loss: 0.5101123 Test Loss: 0.4395335
EarlyStopping counter: 8 out of 20
Updating learning rate to 3.874204890000001e-05
Epoch: 13 cost time: 45.566161155700684
Epoch: 13, Steps: 70 | Train Loss: 0.3120394 Vali Loss: 0.4987253 Test Loss: 0.4409882
EarlyStopping counter: 9 out of 20
Updating learning rate to 3.486784401000001e-05
Epoch: 14 cost time: 45.83599853515625
Epoch: 14, Steps: 70 | Train Loss: 0.3087878 Vali Loss: 0.4994709 Test Loss: 0.4382365
EarlyStopping counter: 10 out of 20
Updating learning rate to 3.138105960900001e-05
Epoch: 15 cost time: 45.6057186126709
Epoch: 15, Steps: 70 | Train Loss: 0.3055840 Vali Loss: 0.5114599 Test Loss: 0.4495256
EarlyStopping counter: 11 out of 20
Updating learning rate to 2.824295364810001e-05
Epoch: 16 cost time: 45.57985496520996
Epoch: 16, Steps: 70 | Train Loss: 0.3023099 Vali Loss: 0.5042521 Test Loss: 0.4446853
EarlyStopping counter: 12 out of 20
Updating learning rate to 2.541865828329001e-05
Epoch: 17 cost time: 45.67072296142578
Epoch: 17, Steps: 70 | Train Loss: 0.3000145 Vali Loss: 0.5009880 Test Loss: 0.4533080
EarlyStopping counter: 13 out of 20
Updating learning rate to 2.287679245496101e-05
Epoch: 18 cost time: 45.6095974445343
Epoch: 18, Steps: 70 | Train Loss: 0.2977370 Vali Loss: 0.4877333 Test Loss: 0.4467418
EarlyStopping counter: 14 out of 20
Updating learning rate to 2.0589113209464907e-05
Epoch: 19 cost time: 45.608891248703
Epoch: 19, Steps: 70 | Train Loss: 0.2956416 Vali Loss: 0.4951959 Test Loss: 0.4514769
EarlyStopping counter: 15 out of 20
Updating learning rate to 1.8530201888518416e-05
Epoch: 20 cost time: 45.51844120025635
Epoch: 20, Steps: 70 | Train Loss: 0.2934278 Vali Loss: 0.4896984 Test Loss: 0.4506889
EarlyStopping counter: 16 out of 20
Updating learning rate to 1.6677181699666577e-05
Epoch: 21 cost time: 45.5681357383728
Epoch: 21, Steps: 70 | Train Loss: 0.2921437 Vali Loss: 0.4903734 Test Loss: 0.4508079
EarlyStopping counter: 17 out of 20
Updating learning rate to 1.5009463529699919e-05
Epoch: 22 cost time: 45.624324798583984
Epoch: 22, Steps: 70 | Train Loss: 0.2905489 Vali Loss: 0.4858489 Test Loss: 0.4526564
EarlyStopping counter: 18 out of 20
Updating learning rate to 1.3508517176729929e-05
Epoch: 23 cost time: 45.44846725463867
Epoch: 23, Steps: 70 | Train Loss: 0.2895946 Vali Loss: 0.4891547 Test Loss: 0.4529119
EarlyStopping counter: 19 out of 20
Updating learning rate to 1.2157665459056936e-05
Epoch: 24 cost time: 45.608760833740234
Epoch: 24, Steps: 70 | Train Loss: 0.2878675 Vali Loss: 0.4867665 Test Loss: 0.4560156
EarlyStopping counter: 20 out of 20
Early stopping
>>>>>>>testing : PatchTST_AAPL_without_sentiment_336_96<<<<<<<<<<<<<<<<<<<<<<<<<<<<<<<<<
test 2623
mse:148863746048.0, mae:40298.1796875, rse:0.6924126744270325
