Args in experiment:
Namespace(random_seed=2021, is_training=1, model_id='AAPL_Future_336_96', model='PatchTST', data='custom', root_path='./predictor/dataset/', data_path='AAPL_Future.csv', result_path='./predictor/results/', features='M', target='Close', freq='1d', date_header='timestamp', seq_len=336, label_len=48, pred_len=96, fc_dropout=0.2, head_dropout=0.0, patch_len=16, stride=8, padding_patch='end', revin=1, affine=0, subtract_last=0, decomposition=1, kernel_size=25, individual=0, embed_type=0, enc_in=5, dec_in=5, c_out=7, d_model=128, n_heads=16, e_layers=3, decoder_layers=1, d_ff=256, moving_avg=25, factor=1, distil=True, dropout=0.2, embed='timeF', activation='gelu', output_attention=False, do_predict=False, num_workers=10, itr=1, train_epochs=100, batch_size=128, patience=20, learning_rate=0.0001, des='Exp', loss='mse', lradj='type3', pct_start=0.3, use_amp=False, use_gpu=True, gpu=0, use_multi_gpu=False, devices='0,1,2,3', test_flop=False)
Use GPU: cuda:0
>>>>>>>start training : AAPL_Future_336_96_PatchTST_custom_ftM_sl336_ll48_pl96_dm128_nh16_el3_dl1_df256_fc1_ebtimeF_dtTrue_Exp_0>>>>>>>>>>>>>>>>>>>>>>>>>>
train 6690
val 924
test 1939
Epoch: 1 cost time: 8.888046741485596
test_data: <data_provider.data_loader.Dataset_Custom object at 0x7fd72a207b80>
test_loader: <torch.utils.data.dataloader.DataLoader object at 0x7fd72a207f40>
criterion: MSELoss()
Epoch: 1, Steps: 52 | Train Loss: 0.2897446 Vali Loss: 2.7764609 Test Loss: 45.4212112
Validation loss decreased (inf --> 2.776461).  Saving model ...
Updating learning rate to 0.0001
Epoch: 2 cost time: 8.099328994750977
test_data: <data_provider.data_loader.Dataset_Custom object at 0x7fd72a207b80>
test_loader: <torch.utils.data.dataloader.DataLoader object at 0x7fd72a207f40>
criterion: MSELoss()
Epoch: 2, Steps: 52 | Train Loss: 0.2210125 Vali Loss: 1.3775433 Test Loss: 18.3976097
Validation loss decreased (2.776461 --> 1.377543).  Saving model ...
Updating learning rate to 0.0001
Epoch: 3 cost time: 8.084911346435547
test_data: <data_provider.data_loader.Dataset_Custom object at 0x7fd72a207b80>
test_loader: <torch.utils.data.dataloader.DataLoader object at 0x7fd72a207f40>
criterion: MSELoss()
Epoch: 3, Steps: 52 | Train Loss: 0.1734207 Vali Loss: 1.3078271 Test Loss: 16.2689114
Validation loss decreased (1.377543 --> 1.307827).  Saving model ...
Updating learning rate to 0.0001
Epoch: 4 cost time: 8.068721294403076
test_data: <data_provider.data_loader.Dataset_Custom object at 0x7fd72a207b80>
test_loader: <torch.utils.data.dataloader.DataLoader object at 0x7fd72a207f40>
criterion: MSELoss()
Epoch: 4, Steps: 52 | Train Loss: 0.1578789 Vali Loss: 1.1739380 Test Loss: 15.2615099
Validation loss decreased (1.307827 --> 1.173938).  Saving model ...
Updating learning rate to 9e-05
Epoch: 5 cost time: 8.200690269470215
test_data: <data_provider.data_loader.Dataset_Custom object at 0x7fd72a207b80>
test_loader: <torch.utils.data.dataloader.DataLoader object at 0x7fd72a207f40>
criterion: MSELoss()
Epoch: 5, Steps: 52 | Train Loss: 0.1486211 Vali Loss: 1.1888634 Test Loss: 15.0537109
EarlyStopping counter: 1 out of 20
Updating learning rate to 8.1e-05
Epoch: 6 cost time: 8.1631441116333
test_data: <data_provider.data_loader.Dataset_Custom object at 0x7fd72a207b80>
test_loader: <torch.utils.data.dataloader.DataLoader object at 0x7fd72a207f40>
criterion: MSELoss()
Epoch: 6, Steps: 52 | Train Loss: 0.1431023 Vali Loss: 1.1455218 Test Loss: 15.1286945
Validation loss decreased (1.173938 --> 1.145522).  Saving model ...
Updating learning rate to 7.290000000000001e-05
Epoch: 7 cost time: 8.136991262435913
test_data: <data_provider.data_loader.Dataset_Custom object at 0x7fd72a207b80>
test_loader: <torch.utils.data.dataloader.DataLoader object at 0x7fd72a207f40>
criterion: MSELoss()
Epoch: 7, Steps: 52 | Train Loss: 0.1392524 Vali Loss: 1.1616609 Test Loss: 15.1284781
EarlyStopping counter: 1 out of 20
Updating learning rate to 6.561e-05
Epoch: 8 cost time: 8.162929058074951
test_data: <data_provider.data_loader.Dataset_Custom object at 0x7fd72a207b80>
test_loader: <torch.utils.data.dataloader.DataLoader object at 0x7fd72a207f40>
criterion: MSELoss()
Epoch: 8, Steps: 52 | Train Loss: 0.1352864 Vali Loss: 1.1913214 Test Loss: 15.4577065
EarlyStopping counter: 2 out of 20
Updating learning rate to 5.904900000000001e-05
Epoch: 9 cost time: 8.212503671646118
test_data: <data_provider.data_loader.Dataset_Custom object at 0x7fd72a207b80>
test_loader: <torch.utils.data.dataloader.DataLoader object at 0x7fd72a207f40>
criterion: MSELoss()
Epoch: 9, Steps: 52 | Train Loss: 0.1320945 Vali Loss: 1.1994368 Test Loss: 16.3124218
EarlyStopping counter: 3 out of 20
Updating learning rate to 5.3144100000000005e-05
Epoch: 10 cost time: 8.230629682540894
test_data: <data_provider.data_loader.Dataset_Custom object at 0x7fd72a207b80>
test_loader: <torch.utils.data.dataloader.DataLoader object at 0x7fd72a207f40>
criterion: MSELoss()
Epoch: 10, Steps: 52 | Train Loss: 0.1297165 Vali Loss: 1.2050143 Test Loss: 16.9670353
EarlyStopping counter: 4 out of 20
Updating learning rate to 4.782969000000001e-05
Epoch: 11 cost time: 8.245246887207031
test_data: <data_provider.data_loader.Dataset_Custom object at 0x7fd72a207b80>
test_loader: <torch.utils.data.dataloader.DataLoader object at 0x7fd72a207f40>
criterion: MSELoss()
Epoch: 11, Steps: 52 | Train Loss: 0.1272990 Vali Loss: 1.2225596 Test Loss: 17.2999096
EarlyStopping counter: 5 out of 20
Updating learning rate to 4.304672100000001e-05
Epoch: 12 cost time: 8.277283906936646
test_data: <data_provider.data_loader.Dataset_Custom object at 0x7fd72a207b80>
test_loader: <torch.utils.data.dataloader.DataLoader object at 0x7fd72a207f40>
criterion: MSELoss()
Epoch: 12, Steps: 52 | Train Loss: 0.1254350 Vali Loss: 1.2434151 Test Loss: 17.1850567
EarlyStopping counter: 6 out of 20
Updating learning rate to 3.874204890000001e-05
Epoch: 13 cost time: 8.303262710571289
test_data: <data_provider.data_loader.Dataset_Custom object at 0x7fd72a207b80>
test_loader: <torch.utils.data.dataloader.DataLoader object at 0x7fd72a207f40>
criterion: MSELoss()
Epoch: 13, Steps: 52 | Train Loss: 0.1238941 Vali Loss: 1.2126539 Test Loss: 17.6783810
EarlyStopping counter: 7 out of 20
Updating learning rate to 3.486784401000001e-05
Epoch: 14 cost time: 8.345043897628784
test_data: <data_provider.data_loader.Dataset_Custom object at 0x7fd72a207b80>
test_loader: <torch.utils.data.dataloader.DataLoader object at 0x7fd72a207f40>
criterion: MSELoss()
Epoch: 14, Steps: 52 | Train Loss: 0.1224597 Vali Loss: 1.2306877 Test Loss: 17.6548271
EarlyStopping counter: 8 out of 20
Updating learning rate to 3.138105960900001e-05
Epoch: 15 cost time: 8.353887557983398
test_data: <data_provider.data_loader.Dataset_Custom object at 0x7fd72a207b80>
test_loader: <torch.utils.data.dataloader.DataLoader object at 0x7fd72a207f40>
criterion: MSELoss()
Epoch: 15, Steps: 52 | Train Loss: 0.1215589 Vali Loss: 1.2429336 Test Loss: 17.7008495
EarlyStopping counter: 9 out of 20
Updating learning rate to 2.824295364810001e-05
Epoch: 16 cost time: 8.402838230133057
test_data: <data_provider.data_loader.Dataset_Custom object at 0x7fd72a207b80>
test_loader: <torch.utils.data.dataloader.DataLoader object at 0x7fd72a207f40>
criterion: MSELoss()
Epoch: 16, Steps: 52 | Train Loss: 0.1206191 Vali Loss: 1.2458251 Test Loss: 18.0424976
EarlyStopping counter: 10 out of 20
Updating learning rate to 2.541865828329001e-05
Epoch: 17 cost time: 8.391467571258545
test_data: <data_provider.data_loader.Dataset_Custom object at 0x7fd72a207b80>
test_loader: <torch.utils.data.dataloader.DataLoader object at 0x7fd72a207f40>
criterion: MSELoss()
Epoch: 17, Steps: 52 | Train Loss: 0.1196403 Vali Loss: 1.2406795 Test Loss: 18.6253853
EarlyStopping counter: 11 out of 20
Updating learning rate to 2.287679245496101e-05
Epoch: 18 cost time: 8.434540748596191
test_data: <data_provider.data_loader.Dataset_Custom object at 0x7fd72a207b80>
test_loader: <torch.utils.data.dataloader.DataLoader object at 0x7fd72a207f40>
criterion: MSELoss()
Epoch: 18, Steps: 52 | Train Loss: 0.1188100 Vali Loss: 1.2701826 Test Loss: 17.8776493
EarlyStopping counter: 12 out of 20
Updating learning rate to 2.0589113209464907e-05
Epoch: 19 cost time: 8.441080570220947
test_data: <data_provider.data_loader.Dataset_Custom object at 0x7fd72a207b80>
test_loader: <torch.utils.data.dataloader.DataLoader object at 0x7fd72a207f40>
criterion: MSELoss()
Epoch: 19, Steps: 52 | Train Loss: 0.1181385 Vali Loss: 1.2733997 Test Loss: 18.2596455
EarlyStopping counter: 13 out of 20
Updating learning rate to 1.8530201888518416e-05
Epoch: 20 cost time: 8.659481048583984
test_data: <data_provider.data_loader.Dataset_Custom object at 0x7fd72a207b80>
test_loader: <torch.utils.data.dataloader.DataLoader object at 0x7fd72a207f40>
criterion: MSELoss()
Epoch: 20, Steps: 52 | Train Loss: 0.1172065 Vali Loss: 1.2609619 Test Loss: 18.3524647
EarlyStopping counter: 14 out of 20
Updating learning rate to 1.6677181699666577e-05
Epoch: 21 cost time: 8.475269079208374
test_data: <data_provider.data_loader.Dataset_Custom object at 0x7fd72a207b80>
test_loader: <torch.utils.data.dataloader.DataLoader object at 0x7fd72a207f40>
criterion: MSELoss()
Epoch: 21, Steps: 52 | Train Loss: 0.1168445 Vali Loss: 1.2762544 Test Loss: 18.0944767
EarlyStopping counter: 15 out of 20
Updating learning rate to 1.5009463529699919e-05
Epoch: 22 cost time: 8.486243963241577
test_data: <data_provider.data_loader.Dataset_Custom object at 0x7fd72a207b80>
test_loader: <torch.utils.data.dataloader.DataLoader object at 0x7fd72a207f40>
criterion: MSELoss()
Epoch: 22, Steps: 52 | Train Loss: 0.1163323 Vali Loss: 1.2859571 Test Loss: 18.7269287
EarlyStopping counter: 16 out of 20
Updating learning rate to 1.3508517176729929e-05
Epoch: 23 cost time: 8.519041538238525
test_data: <data_provider.data_loader.Dataset_Custom object at 0x7fd72a207b80>
test_loader: <torch.utils.data.dataloader.DataLoader object at 0x7fd72a207f40>
criterion: MSELoss()
Epoch: 23, Steps: 52 | Train Loss: 0.1158149 Vali Loss: 1.2913783 Test Loss: 19.1913948
EarlyStopping counter: 17 out of 20
Updating learning rate to 1.2157665459056936e-05
Epoch: 24 cost time: 8.542900800704956
test_data: <data_provider.data_loader.Dataset_Custom object at 0x7fd72a207b80>
test_loader: <torch.utils.data.dataloader.DataLoader object at 0x7fd72a207f40>
criterion: MSELoss()
Epoch: 24, Steps: 52 | Train Loss: 0.1152857 Vali Loss: 1.2853067 Test Loss: 18.5384102
EarlyStopping counter: 18 out of 20
Updating learning rate to 1.0941898913151242e-05
Epoch: 25 cost time: 8.554316759109497
test_data: <data_provider.data_loader.Dataset_Custom object at 0x7fd72a207b80>
test_loader: <torch.utils.data.dataloader.DataLoader object at 0x7fd72a207f40>
criterion: MSELoss()
Epoch: 25, Steps: 52 | Train Loss: 0.1150102 Vali Loss: 1.2944520 Test Loss: 18.6371250
EarlyStopping counter: 19 out of 20
Updating learning rate to 9.847709021836118e-06
Epoch: 26 cost time: 8.548652648925781
test_data: <data_provider.data_loader.Dataset_Custom object at 0x7fd72a207b80>
test_loader: <torch.utils.data.dataloader.DataLoader object at 0x7fd72a207f40>
criterion: MSELoss()
Epoch: 26, Steps: 52 | Train Loss: 0.1150433 Vali Loss: 1.3011897 Test Loss: 19.0817051
EarlyStopping counter: 20 out of 20
Early stopping
>>>>>>>testing : AAPL_Future_336_96_PatchTST_custom_ftM_sl336_ll48_pl96_dm128_nh16_el3_dl1_df256_fc1_ebtimeF_dtTrue_Exp_0<<<<<<<<<<<<<<<<<<<<<<<<<<<<<<<<<
test 1939
mse:711787548770304.0, mae:8764797.0, rse:0.4618244469165802
