Args in experiment:
Namespace(activation='gelu', affine=0, batch_size=256, c_out=7, d_ff=256, d_model=128, data='custom', data_path='AAPL_pct.csv', date_header='Timestamp', dec_in=19, decoder_layers=1, decomposition=1, des='Exp', devices='0,1,2,3', distil=True, do_predict=False, dropout=0.2, e_layers=3, embed='timeF', embed_type=0, enc_in=19, factor=1, fc_dropout=0.2, features='M', freq='1d', gpu=0, head_dropout=0.0, individual=0, is_training=1, itr=1, kernel_size=25, label_len=48, learning_rate=0.0001, loss='mse', lradj='type3', model='PatchTST', model_id='PatchTST_AAPL_pct_336_96', moving_avg=25, n_heads=16, num_workers=10, output_attention=False, padding_patch='end', patch_len=16, patience=20, pct_start=0.3, pred_len=96, random_seed=2024, result_path='./predictor/results/', revin=1, root_path='./predictor/dataset/', seq_len=336, stride=8, subtract_last=0, target='Close', test_flop=False, train_epochs=100, use_amp=False, use_gpu=True, use_multi_gpu=False)
Use GPU: cuda:0
>>>>>>>start training : PatchTST_AAPL_pct_336_96>>>>>>>>>>>>>>>>>>>>>>>>>>
train 10792
val 1510
test 3111
Epoch: 1 cost time: 50.3865065574646
Epoch: 1, Steps: 42 | Train Loss: 1.2956585 Vali Loss: 1.3820692 Test Loss: 1.7393042
Validation loss decreased (inf --> 1.382069).  Saving model ...
Updating learning rate to 0.0001
Epoch: 2 cost time: 49.85340690612793
Epoch: 2, Steps: 42 | Train Loss: 1.1154189 Vali Loss: 1.1847767 Test Loss: 1.4886885
Validation loss decreased (1.382069 --> 1.184777).  Saving model ...
Updating learning rate to 0.0001
Epoch: 3 cost time: 49.88345003128052
Epoch: 3, Steps: 42 | Train Loss: 1.0078997 Vali Loss: 1.1782796 Test Loss: 1.4460303
Validation loss decreased (1.184777 --> 1.178280).  Saving model ...
Updating learning rate to 0.0001
Epoch: 4 cost time: 49.811909437179565
Epoch: 4, Steps: 42 | Train Loss: 0.9766136 Vali Loss: 1.1810181 Test Loss: 1.4332876
EarlyStopping counter: 1 out of 20
Updating learning rate to 9e-05
Epoch: 5 cost time: 49.87903666496277
Epoch: 5, Steps: 42 | Train Loss: 0.9621269 Vali Loss: 1.1780711 Test Loss: 1.4315544
Validation loss decreased (1.178280 --> 1.178071).  Saving model ...
Updating learning rate to 8.1e-05
Epoch: 6 cost time: 49.88146185874939
Epoch: 6, Steps: 42 | Train Loss: 0.9515883 Vali Loss: 1.1907837 Test Loss: 1.4379324
EarlyStopping counter: 1 out of 20
Updating learning rate to 7.290000000000001e-05
Epoch: 7 cost time: 49.90794062614441
Epoch: 7, Steps: 42 | Train Loss: 0.9448541 Vali Loss: 1.1719629 Test Loss: 1.4326209
Validation loss decreased (1.178071 --> 1.171963).  Saving model ...
Updating learning rate to 6.561e-05
Epoch: 8 cost time: 49.79807782173157
Epoch: 8, Steps: 42 | Train Loss: 0.9383945 Vali Loss: 1.1839397 Test Loss: 1.4331623
EarlyStopping counter: 1 out of 20
Updating learning rate to 5.904900000000001e-05
Epoch: 9 cost time: 49.962502002716064
Epoch: 9, Steps: 42 | Train Loss: 0.9327045 Vali Loss: 1.1837823 Test Loss: 1.4312168
EarlyStopping counter: 2 out of 20
Updating learning rate to 5.3144100000000005e-05
Epoch: 10 cost time: 49.902530670166016
Epoch: 10, Steps: 42 | Train Loss: 0.9264450 Vali Loss: 1.2051754 Test Loss: 1.4249568
EarlyStopping counter: 3 out of 20
Updating learning rate to 4.782969000000001e-05
Epoch: 11 cost time: 49.843791484832764
Epoch: 11, Steps: 42 | Train Loss: 0.9224902 Vali Loss: 1.2161322 Test Loss: 1.4301058
EarlyStopping counter: 4 out of 20
Updating learning rate to 4.304672100000001e-05
Epoch: 12 cost time: 49.81979179382324
Epoch: 12, Steps: 42 | Train Loss: 0.9174087 Vali Loss: 1.2234136 Test Loss: 1.4319807
EarlyStopping counter: 5 out of 20
Updating learning rate to 3.874204890000001e-05
Epoch: 13 cost time: 49.908920764923096
Epoch: 13, Steps: 42 | Train Loss: 0.9143613 Vali Loss: 1.2188238 Test Loss: 1.4283391
EarlyStopping counter: 6 out of 20
Updating learning rate to 3.486784401000001e-05
Epoch: 14 cost time: 49.88736367225647
Epoch: 14, Steps: 42 | Train Loss: 0.9110344 Vali Loss: 1.2174489 Test Loss: 1.4297243
EarlyStopping counter: 7 out of 20
Updating learning rate to 3.138105960900001e-05
Epoch: 15 cost time: 50.377952575683594
Epoch: 15, Steps: 42 | Train Loss: 0.9073387 Vali Loss: 1.2167944 Test Loss: 1.4298024
EarlyStopping counter: 8 out of 20
Updating learning rate to 2.824295364810001e-05
Epoch: 16 cost time: 50.37680649757385
Epoch: 16, Steps: 42 | Train Loss: 0.9056524 Vali Loss: 1.2339748 Test Loss: 1.4305509
EarlyStopping counter: 9 out of 20
Updating learning rate to 2.541865828329001e-05
Epoch: 17 cost time: 50.331961154937744
Epoch: 17, Steps: 42 | Train Loss: 0.9020366 Vali Loss: 1.2234074 Test Loss: 1.4321213
EarlyStopping counter: 10 out of 20
Updating learning rate to 2.287679245496101e-05
Epoch: 18 cost time: 49.80807042121887
Epoch: 18, Steps: 42 | Train Loss: 0.8999748 Vali Loss: 1.2237066 Test Loss: 1.4316421
EarlyStopping counter: 11 out of 20
Updating learning rate to 2.0589113209464907e-05
Epoch: 19 cost time: 49.810635805130005
Epoch: 19, Steps: 42 | Train Loss: 0.8991782 Vali Loss: 1.2243315 Test Loss: 1.4322075
EarlyStopping counter: 12 out of 20
Updating learning rate to 1.8530201888518416e-05
Epoch: 20 cost time: 49.9400577545166
Epoch: 20, Steps: 42 | Train Loss: 0.8967189 Vali Loss: 1.2330956 Test Loss: 1.4349734
EarlyStopping counter: 13 out of 20
Updating learning rate to 1.6677181699666577e-05
Epoch: 21 cost time: 49.78543043136597
Epoch: 21, Steps: 42 | Train Loss: 0.8951629 Vali Loss: 1.2404717 Test Loss: 1.4358276
EarlyStopping counter: 14 out of 20
Updating learning rate to 1.5009463529699919e-05
Epoch: 22 cost time: 49.74717903137207
Epoch: 22, Steps: 42 | Train Loss: 0.8937769 Vali Loss: 1.2306268 Test Loss: 1.4354216
EarlyStopping counter: 15 out of 20
Updating learning rate to 1.3508517176729929e-05
Epoch: 23 cost time: 49.94539666175842
Epoch: 23, Steps: 42 | Train Loss: 0.8936958 Vali Loss: 1.2279831 Test Loss: 1.4349413
EarlyStopping counter: 16 out of 20
Updating learning rate to 1.2157665459056936e-05
Epoch: 24 cost time: 49.86000466346741
Epoch: 24, Steps: 42 | Train Loss: 0.8923303 Vali Loss: 1.2290515 Test Loss: 1.4391578
EarlyStopping counter: 17 out of 20
Updating learning rate to 1.0941898913151242e-05
Epoch: 25 cost time: 49.83887028694153
Epoch: 25, Steps: 42 | Train Loss: 0.8904964 Vali Loss: 1.2359831 Test Loss: 1.4361402
EarlyStopping counter: 18 out of 20
Updating learning rate to 9.847709021836118e-06
Epoch: 26 cost time: 49.897589445114136
Epoch: 26, Steps: 42 | Train Loss: 0.8901758 Vali Loss: 1.2392935 Test Loss: 1.4387065
EarlyStopping counter: 19 out of 20
Updating learning rate to 8.862938119652508e-06
Epoch: 27 cost time: 49.88013529777527
Epoch: 27, Steps: 42 | Train Loss: 0.8896335 Vali Loss: 1.2337090 Test Loss: 1.4382520
EarlyStopping counter: 20 out of 20
Early stopping
>>>>>>>testing : PatchTST_AAPL_pct_336_96<<<<<<<<<<<<<<<<<<<<<<<<<<<<<<<<<
test 3111
mse:23.395442962646484, mae:1.4834705591201782, rse:0.25869491696357727
