Args in experiment:
Namespace(activation='gelu', affine=0, batch_size=256, c_out=7, d_ff=256, d_model=128, data='custom', data_path='CVX.csv', date_header='Timestamp', dec_in=19, decoder_layers=1, decomposition=1, des='Exp', devices='0,1,2,3', distil=True, do_predict=False, dropout=0.2, e_layers=3, embed='timeF', embed_type=0, enc_in=19, factor=1, fc_dropout=0.2, features='M', freq='1d', gpu=0, head_dropout=0.0, individual=0, is_training=1, itr=1, kernel_size=25, label_len=48, learning_rate=0.0001, loss='mse', lradj='type3', model='PatchTST', model_id='PatchTST_CVX_336_96', moving_avg=25, n_heads=16, num_workers=10, output_attention=False, padding_patch='end', patch_len=16, patience=20, pct_start=0.3, pred_len=96, random_seed=2024, result_path='./predictor/results/', revin=1, root_path='./predictor/dataset/', seq_len=336, stride=8, subtract_last=0, target='Close', test_flop=False, train_epochs=100, use_amp=False, use_gpu=True, use_multi_gpu=False)
Use GPU: cuda:0
>>>>>>>start training : PatchTST_CVX_336_96>>>>>>>>>>>>>>>>>>>>>>>>>>
train 8246
val 1145
test 2384
Epoch: 1 cost time: 39.032326459884644
Epoch: 1, Steps: 32 | Train Loss: 0.6174788 Vali Loss: 0.9580626 Test Loss: 0.4504519
Validation loss decreased (inf --> 0.958063).  Saving model ...
Updating learning rate to 0.0001
Epoch: 2 cost time: 37.93909025192261
Epoch: 2, Steps: 32 | Train Loss: 0.5181018 Vali Loss: 0.7927885 Test Loss: 0.4184097
Validation loss decreased (0.958063 --> 0.792789).  Saving model ...
Updating learning rate to 0.0001
Epoch: 3 cost time: 38.26851224899292
Epoch: 3, Steps: 32 | Train Loss: 0.4537646 Vali Loss: 0.7257180 Test Loss: 0.3953017
Validation loss decreased (0.792789 --> 0.725718).  Saving model ...
Updating learning rate to 0.0001
Epoch: 4 cost time: 38.08183979988098
Epoch: 4, Steps: 32 | Train Loss: 0.4214466 Vali Loss: 0.6909298 Test Loss: 0.3782960
Validation loss decreased (0.725718 --> 0.690930).  Saving model ...
Updating learning rate to 9e-05
Epoch: 5 cost time: 38.61715841293335
Epoch: 5, Steps: 32 | Train Loss: 0.4029391 Vali Loss: 0.6773106 Test Loss: 0.3700679
Validation loss decreased (0.690930 --> 0.677311).  Saving model ...
Updating learning rate to 8.1e-05
Epoch: 6 cost time: 38.045969009399414
Epoch: 6, Steps: 32 | Train Loss: 0.3926546 Vali Loss: 0.6917107 Test Loss: 0.3663968
EarlyStopping counter: 1 out of 20
Updating learning rate to 7.290000000000001e-05
Epoch: 7 cost time: 38.120079040527344
Epoch: 7, Steps: 32 | Train Loss: 0.3863579 Vali Loss: 0.6914320 Test Loss: 0.3679884
EarlyStopping counter: 2 out of 20
Updating learning rate to 6.561e-05
Epoch: 8 cost time: 38.13700318336487
Epoch: 8, Steps: 32 | Train Loss: 0.3814578 Vali Loss: 0.6982760 Test Loss: 0.3627345
EarlyStopping counter: 3 out of 20
Updating learning rate to 5.904900000000001e-05
Epoch: 9 cost time: 38.018404722213745
Epoch: 9, Steps: 32 | Train Loss: 0.3779154 Vali Loss: 0.6977925 Test Loss: 0.3628503
EarlyStopping counter: 4 out of 20
Updating learning rate to 5.3144100000000005e-05
Epoch: 10 cost time: 37.95476317405701
Epoch: 10, Steps: 32 | Train Loss: 0.3750729 Vali Loss: 0.6831409 Test Loss: 0.3626665
EarlyStopping counter: 5 out of 20
Updating learning rate to 4.782969000000001e-05
Epoch: 11 cost time: 38.13790535926819
Epoch: 11, Steps: 32 | Train Loss: 0.3726045 Vali Loss: 0.6703728 Test Loss: 0.3606072
Validation loss decreased (0.677311 --> 0.670373).  Saving model ...
Updating learning rate to 4.304672100000001e-05
Epoch: 12 cost time: 38.193395137786865
Epoch: 12, Steps: 32 | Train Loss: 0.3709568 Vali Loss: 0.6778421 Test Loss: 0.3614150
EarlyStopping counter: 1 out of 20
Updating learning rate to 3.874204890000001e-05
Epoch: 13 cost time: 38.034857749938965
Epoch: 13, Steps: 32 | Train Loss: 0.3689156 Vali Loss: 0.6949859 Test Loss: 0.3618191
EarlyStopping counter: 2 out of 20
Updating learning rate to 3.486784401000001e-05
Epoch: 14 cost time: 38.12109303474426
Epoch: 14, Steps: 32 | Train Loss: 0.3666548 Vali Loss: 0.6791740 Test Loss: 0.3610676
EarlyStopping counter: 3 out of 20
Updating learning rate to 3.138105960900001e-05
Epoch: 15 cost time: 38.21902394294739
Epoch: 15, Steps: 32 | Train Loss: 0.3653695 Vali Loss: 0.6801973 Test Loss: 0.3610137
EarlyStopping counter: 4 out of 20
Updating learning rate to 2.824295364810001e-05
Epoch: 16 cost time: 37.98270511627197
Epoch: 16, Steps: 32 | Train Loss: 0.3643172 Vali Loss: 0.6859875 Test Loss: 0.3603262
EarlyStopping counter: 5 out of 20
Updating learning rate to 2.541865828329001e-05
Epoch: 17 cost time: 38.162972927093506
Epoch: 17, Steps: 32 | Train Loss: 0.3631431 Vali Loss: 0.6889822 Test Loss: 0.3590738
EarlyStopping counter: 6 out of 20
Updating learning rate to 2.287679245496101e-05
Epoch: 18 cost time: 38.06737685203552
Epoch: 18, Steps: 32 | Train Loss: 0.3620120 Vali Loss: 0.6795173 Test Loss: 0.3621706
EarlyStopping counter: 7 out of 20
Updating learning rate to 2.0589113209464907e-05
Epoch: 19 cost time: 38.09101390838623
Epoch: 19, Steps: 32 | Train Loss: 0.3608667 Vali Loss: 0.6741423 Test Loss: 0.3601044
EarlyStopping counter: 8 out of 20
Updating learning rate to 1.8530201888518416e-05
Epoch: 20 cost time: 38.114667654037476
Epoch: 20, Steps: 32 | Train Loss: 0.3606386 Vali Loss: 0.6860428 Test Loss: 0.3610660
EarlyStopping counter: 9 out of 20
Updating learning rate to 1.6677181699666577e-05
Epoch: 21 cost time: 38.056729793548584
Epoch: 21, Steps: 32 | Train Loss: 0.3596113 Vali Loss: 0.6800257 Test Loss: 0.3610005
EarlyStopping counter: 10 out of 20
Updating learning rate to 1.5009463529699919e-05
Epoch: 22 cost time: 38.133363008499146
Epoch: 22, Steps: 32 | Train Loss: 0.3585166 Vali Loss: 0.6967630 Test Loss: 0.3612597
EarlyStopping counter: 11 out of 20
Updating learning rate to 1.3508517176729929e-05
Epoch: 23 cost time: 38.05240750312805
Epoch: 23, Steps: 32 | Train Loss: 0.3578500 Vali Loss: 0.6826913 Test Loss: 0.3606852
EarlyStopping counter: 12 out of 20
Updating learning rate to 1.2157665459056936e-05
Epoch: 24 cost time: 38.164108753204346
Epoch: 24, Steps: 32 | Train Loss: 0.3570452 Vali Loss: 0.6947696 Test Loss: 0.3618009
EarlyStopping counter: 13 out of 20
Updating learning rate to 1.0941898913151242e-05
Epoch: 25 cost time: 38.105729818344116
Epoch: 25, Steps: 32 | Train Loss: 0.3562903 Vali Loss: 0.6994625 Test Loss: 0.3612119
EarlyStopping counter: 14 out of 20
Updating learning rate to 9.847709021836118e-06
Epoch: 26 cost time: 38.047529220581055
Epoch: 26, Steps: 32 | Train Loss: 0.3558111 Vali Loss: 0.6880659 Test Loss: 0.3610090
EarlyStopping counter: 15 out of 20
Updating learning rate to 8.862938119652508e-06
Epoch: 27 cost time: 38.067161083221436
Epoch: 27, Steps: 32 | Train Loss: 0.3552388 Vali Loss: 0.6993365 Test Loss: 0.3614905
EarlyStopping counter: 16 out of 20
Updating learning rate to 7.976644307687255e-06
Epoch: 28 cost time: 38.15924406051636
Epoch: 28, Steps: 32 | Train Loss: 0.3548358 Vali Loss: 0.6814966 Test Loss: 0.3612947
EarlyStopping counter: 17 out of 20
Updating learning rate to 7.178979876918531e-06
Epoch: 29 cost time: 38.20364832878113
Epoch: 29, Steps: 32 | Train Loss: 0.3545271 Vali Loss: 0.7002512 Test Loss: 0.3609251
EarlyStopping counter: 18 out of 20
Updating learning rate to 6.4610818892266776e-06
Epoch: 30 cost time: 38.0752227306366
Epoch: 30, Steps: 32 | Train Loss: 0.3544718 Vali Loss: 0.7036160 Test Loss: 0.3621986
EarlyStopping counter: 19 out of 20
Updating learning rate to 5.8149737003040096e-06
Epoch: 31 cost time: 38.05783820152283
Epoch: 31, Steps: 32 | Train Loss: 0.3537116 Vali Loss: 0.6889547 Test Loss: 0.3617668
EarlyStopping counter: 20 out of 20
Early stopping
>>>>>>>testing : PatchTST_CVX_336_96<<<<<<<<<<<<<<<<<<<<<<<<<<<<<<<<<
test 2384
mse:5255055360.0, mae:7026.837890625, rse:0.934646725654602
