Args in experiment:
Namespace(activation='gelu', affine=0, batch_size=256, c_out=7, d_ff=256, d_model=128, data='custom', data_path='JNJ.csv', date_header='Timestamp', dec_in=19, decoder_layers=1, decomposition=1, des='Exp', devices='0,1,2,3', distil=True, do_predict=False, dropout=0.2, e_layers=3, embed='timeF', embed_type=0, enc_in=19, factor=1, fc_dropout=0.2, features='M', freq='1d', gpu=0, head_dropout=0.0, individual=0, is_training=1, itr=1, kernel_size=25, label_len=48, learning_rate=0.0001, loss='mse', lradj='type3', model='PatchTST', model_id='PatchTST_JNJ_336_96', moving_avg=25, n_heads=16, num_workers=10, output_attention=False, padding_patch='end', patch_len=16, patience=20, pct_start=0.3, pred_len=96, random_seed=2024, result_path='./predictor/results/', revin=1, root_path='./predictor/dataset/', seq_len=336, stride=8, subtract_last=0, target='Close', test_flop=False, train_epochs=100, use_amp=False, use_gpu=True, use_multi_gpu=False)
Use GPU: cuda:0
>>>>>>>start training : PatchTST_JNJ_336_96>>>>>>>>>>>>>>>>>>>>>>>>>>
train 6046
val 831
test 1755
Epoch: 1 cost time: 27.698978424072266
Epoch: 1, Steps: 23 | Train Loss: 0.7785278 Vali Loss: 0.4671441 Test Loss: 0.5398126
Validation loss decreased (inf --> 0.467144).  Saving model ...
Updating learning rate to 0.0001
Epoch: 2 cost time: 27.64566135406494
Epoch: 2, Steps: 23 | Train Loss: 0.6530804 Vali Loss: 0.4522133 Test Loss: 0.4655437
Validation loss decreased (0.467144 --> 0.452213).  Saving model ...
Updating learning rate to 0.0001
Epoch: 3 cost time: 27.45108127593994
Epoch: 3, Steps: 23 | Train Loss: 0.5689074 Vali Loss: 0.4214940 Test Loss: 0.4316625
Validation loss decreased (0.452213 --> 0.421494).  Saving model ...
Updating learning rate to 0.0001
Epoch: 4 cost time: 27.746560096740723
Epoch: 4, Steps: 23 | Train Loss: 0.5288172 Vali Loss: 0.4066148 Test Loss: 0.4165350
Validation loss decreased (0.421494 --> 0.406615).  Saving model ...
Updating learning rate to 9e-05
Epoch: 5 cost time: 27.50078535079956
Epoch: 5, Steps: 23 | Train Loss: 0.5036214 Vali Loss: 0.3874058 Test Loss: 0.3995470
Validation loss decreased (0.406615 --> 0.387406).  Saving model ...
Updating learning rate to 8.1e-05
Epoch: 6 cost time: 27.52298593521118
Epoch: 6, Steps: 23 | Train Loss: 0.4896269 Vali Loss: 0.3868497 Test Loss: 0.3979118
Validation loss decreased (0.387406 --> 0.386850).  Saving model ...
Updating learning rate to 7.290000000000001e-05
Epoch: 7 cost time: 27.521016120910645
Epoch: 7, Steps: 23 | Train Loss: 0.4796047 Vali Loss: 0.3757111 Test Loss: 0.3902117
Validation loss decreased (0.386850 --> 0.375711).  Saving model ...
Updating learning rate to 6.561e-05
Epoch: 8 cost time: 27.529189825057983
Epoch: 8, Steps: 23 | Train Loss: 0.4729012 Vali Loss: 0.3811126 Test Loss: 0.3937939
EarlyStopping counter: 1 out of 20
Updating learning rate to 5.904900000000001e-05
Epoch: 9 cost time: 27.56491470336914
Epoch: 9, Steps: 23 | Train Loss: 0.4675144 Vali Loss: 0.3757555 Test Loss: 0.3888031
EarlyStopping counter: 2 out of 20
Updating learning rate to 5.3144100000000005e-05
Epoch: 10 cost time: 27.946313858032227
Epoch: 10, Steps: 23 | Train Loss: 0.4643643 Vali Loss: 0.3766681 Test Loss: 0.3903062
EarlyStopping counter: 3 out of 20
Updating learning rate to 4.782969000000001e-05
Epoch: 11 cost time: 27.68176794052124
Epoch: 11, Steps: 23 | Train Loss: 0.4607008 Vali Loss: 0.3772716 Test Loss: 0.3892115
EarlyStopping counter: 4 out of 20
Updating learning rate to 4.304672100000001e-05
Epoch: 12 cost time: 27.625230312347412
Epoch: 12, Steps: 23 | Train Loss: 0.4592680 Vali Loss: 0.3764898 Test Loss: 0.3911175
EarlyStopping counter: 5 out of 20
Updating learning rate to 3.874204890000001e-05
Epoch: 13 cost time: 27.55757451057434
Epoch: 13, Steps: 23 | Train Loss: 0.4564629 Vali Loss: 0.3744748 Test Loss: 0.3907330
Validation loss decreased (0.375711 --> 0.374475).  Saving model ...
Updating learning rate to 3.486784401000001e-05
Epoch: 14 cost time: 27.458849906921387
Epoch: 14, Steps: 23 | Train Loss: 0.4555436 Vali Loss: 0.3762754 Test Loss: 0.3918007
EarlyStopping counter: 1 out of 20
Updating learning rate to 3.138105960900001e-05
Epoch: 15 cost time: 27.57693600654602
Epoch: 15, Steps: 23 | Train Loss: 0.4530656 Vali Loss: 0.3748328 Test Loss: 0.3912766
EarlyStopping counter: 2 out of 20
Updating learning rate to 2.824295364810001e-05
Epoch: 16 cost time: 27.44843816757202
Epoch: 16, Steps: 23 | Train Loss: 0.4519833 Vali Loss: 0.3780921 Test Loss: 0.3925864
EarlyStopping counter: 3 out of 20
Updating learning rate to 2.541865828329001e-05
Epoch: 17 cost time: 27.54833149909973
Epoch: 17, Steps: 23 | Train Loss: 0.4507733 Vali Loss: 0.3754516 Test Loss: 0.3924883
EarlyStopping counter: 4 out of 20
Updating learning rate to 2.287679245496101e-05
Epoch: 18 cost time: 27.569565057754517
Epoch: 18, Steps: 23 | Train Loss: 0.4494297 Vali Loss: 0.3739578 Test Loss: 0.3918395
Validation loss decreased (0.374475 --> 0.373958).  Saving model ...
Updating learning rate to 2.0589113209464907e-05
Epoch: 19 cost time: 27.555106163024902
Epoch: 19, Steps: 23 | Train Loss: 0.4484454 Vali Loss: 0.3758363 Test Loss: 0.3937143
EarlyStopping counter: 1 out of 20
Updating learning rate to 1.8530201888518416e-05
Epoch: 20 cost time: 27.570019960403442
Epoch: 20, Steps: 23 | Train Loss: 0.4478925 Vali Loss: 0.3739552 Test Loss: 0.3933288
Validation loss decreased (0.373958 --> 0.373955).  Saving model ...
Updating learning rate to 1.6677181699666577e-05
Epoch: 21 cost time: 27.510138511657715
Epoch: 21, Steps: 23 | Train Loss: 0.4486052 Vali Loss: 0.3730169 Test Loss: 0.3938701
Validation loss decreased (0.373955 --> 0.373017).  Saving model ...
Updating learning rate to 1.5009463529699919e-05
Epoch: 22 cost time: 27.522536039352417
Epoch: 22, Steps: 23 | Train Loss: 0.4459634 Vali Loss: 0.3752485 Test Loss: 0.3942971
EarlyStopping counter: 1 out of 20
Updating learning rate to 1.3508517176729929e-05
Epoch: 23 cost time: 27.998363971710205
Epoch: 23, Steps: 23 | Train Loss: 0.4459216 Vali Loss: 0.3774228 Test Loss: 0.3955742
EarlyStopping counter: 2 out of 20
Updating learning rate to 1.2157665459056936e-05
Epoch: 24 cost time: 27.69375991821289
Epoch: 24, Steps: 23 | Train Loss: 0.4454576 Vali Loss: 0.3757418 Test Loss: 0.3944796
EarlyStopping counter: 3 out of 20
Updating learning rate to 1.0941898913151242e-05
Epoch: 25 cost time: 27.55847692489624
Epoch: 25, Steps: 23 | Train Loss: 0.4440093 Vali Loss: 0.3775612 Test Loss: 0.3955602
EarlyStopping counter: 4 out of 20
Updating learning rate to 9.847709021836118e-06
Epoch: 26 cost time: 27.477755308151245
Epoch: 26, Steps: 23 | Train Loss: 0.4447345 Vali Loss: 0.3760666 Test Loss: 0.3953872
EarlyStopping counter: 5 out of 20
Updating learning rate to 8.862938119652508e-06
Epoch: 27 cost time: 27.472900867462158
Epoch: 27, Steps: 23 | Train Loss: 0.4430984 Vali Loss: 0.3767510 Test Loss: 0.3961849
EarlyStopping counter: 6 out of 20
Updating learning rate to 7.976644307687255e-06
Epoch: 28 cost time: 27.500934839248657
Epoch: 28, Steps: 23 | Train Loss: 0.4432376 Vali Loss: 0.3765101 Test Loss: 0.3963073
EarlyStopping counter: 7 out of 20
Updating learning rate to 7.178979876918531e-06
Epoch: 29 cost time: 27.591466426849365
Epoch: 29, Steps: 23 | Train Loss: 0.4432570 Vali Loss: 0.3746041 Test Loss: 0.3965563
EarlyStopping counter: 8 out of 20
Updating learning rate to 6.4610818892266776e-06
Epoch: 30 cost time: 27.64477515220642
Epoch: 30, Steps: 23 | Train Loss: 0.4427679 Vali Loss: 0.3724143 Test Loss: 0.3964433
Validation loss decreased (0.373017 --> 0.372414).  Saving model ...
Updating learning rate to 5.8149737003040096e-06
Epoch: 31 cost time: 27.625462770462036
Epoch: 31, Steps: 23 | Train Loss: 0.4412600 Vali Loss: 0.3733483 Test Loss: 0.3967623
EarlyStopping counter: 1 out of 20
Updating learning rate to 5.23347633027361e-06
Epoch: 32 cost time: 27.542126893997192
Epoch: 32, Steps: 23 | Train Loss: 0.4428849 Vali Loss: 0.3752149 Test Loss: 0.3974316
EarlyStopping counter: 2 out of 20
Updating learning rate to 4.710128697246249e-06
Epoch: 33 cost time: 27.448195457458496
Epoch: 33, Steps: 23 | Train Loss: 0.4423142 Vali Loss: 0.3753963 Test Loss: 0.3974592
EarlyStopping counter: 3 out of 20
Updating learning rate to 4.239115827521624e-06
Epoch: 34 cost time: 27.47570824623108
Epoch: 34, Steps: 23 | Train Loss: 0.4411364 Vali Loss: 0.3766595 Test Loss: 0.3972579
EarlyStopping counter: 4 out of 20
Updating learning rate to 3.815204244769462e-06
Epoch: 35 cost time: 27.61220359802246
Epoch: 35, Steps: 23 | Train Loss: 0.4421528 Vali Loss: 0.3746907 Test Loss: 0.3972031
EarlyStopping counter: 5 out of 20
Updating learning rate to 3.4336838202925152e-06
Epoch: 36 cost time: 27.65293574333191
Epoch: 36, Steps: 23 | Train Loss: 0.4420248 Vali Loss: 0.3765779 Test Loss: 0.3979318
EarlyStopping counter: 6 out of 20
Updating learning rate to 3.090315438263264e-06
Epoch: 37 cost time: 27.529006481170654
Epoch: 37, Steps: 23 | Train Loss: 0.4412145 Vali Loss: 0.3770225 Test Loss: 0.3977062
EarlyStopping counter: 7 out of 20
Updating learning rate to 2.7812838944369375e-06
Epoch: 38 cost time: 27.53150463104248
Epoch: 38, Steps: 23 | Train Loss: 0.4412677 Vali Loss: 0.3736949 Test Loss: 0.3978055
EarlyStopping counter: 8 out of 20
Updating learning rate to 2.503155504993244e-06
Epoch: 39 cost time: 27.517839193344116
Epoch: 39, Steps: 23 | Train Loss: 0.4410083 Vali Loss: 0.3744353 Test Loss: 0.3979493
EarlyStopping counter: 9 out of 20
Updating learning rate to 2.2528399544939195e-06
Epoch: 40 cost time: 27.55682396888733
Epoch: 40, Steps: 23 | Train Loss: 0.4413821 Vali Loss: 0.3743841 Test Loss: 0.3984418
EarlyStopping counter: 10 out of 20
Updating learning rate to 2.0275559590445276e-06
Epoch: 41 cost time: 27.440237998962402
Epoch: 41, Steps: 23 | Train Loss: 0.4417582 Vali Loss: 0.3742455 Test Loss: 0.3985097
EarlyStopping counter: 11 out of 20
Updating learning rate to 1.8248003631400751e-06
Epoch: 42 cost time: 27.47990846633911
Epoch: 42, Steps: 23 | Train Loss: 0.4401972 Vali Loss: 0.3784542 Test Loss: 0.3984392
EarlyStopping counter: 12 out of 20
Updating learning rate to 1.6423203268260676e-06
Epoch: 43 cost time: 27.560521602630615
Epoch: 43, Steps: 23 | Train Loss: 0.4397605 Vali Loss: 0.3746635 Test Loss: 0.3984105
EarlyStopping counter: 13 out of 20
Updating learning rate to 1.4780882941434609e-06
Epoch: 44 cost time: 27.533446550369263
Epoch: 44, Steps: 23 | Train Loss: 0.4411575 Vali Loss: 0.3779341 Test Loss: 0.3981927
EarlyStopping counter: 14 out of 20
Updating learning rate to 1.3302794647291146e-06
Epoch: 45 cost time: 27.662991762161255
Epoch: 45, Steps: 23 | Train Loss: 0.4417770 Vali Loss: 0.3766687 Test Loss: 0.3986801
EarlyStopping counter: 15 out of 20
Updating learning rate to 1.1972515182562034e-06
Epoch: 46 cost time: 27.578582286834717
Epoch: 46, Steps: 23 | Train Loss: 0.4408305 Vali Loss: 0.3785260 Test Loss: 0.3986008
EarlyStopping counter: 16 out of 20
Updating learning rate to 1.077526366430583e-06
Epoch: 47 cost time: 27.536190271377563
Epoch: 47, Steps: 23 | Train Loss: 0.4411133 Vali Loss: 0.3781761 Test Loss: 0.3984925
EarlyStopping counter: 17 out of 20
Updating learning rate to 9.697737297875248e-07
Epoch: 48 cost time: 27.58379888534546
Epoch: 48, Steps: 23 | Train Loss: 0.4393408 Vali Loss: 0.3770343 Test Loss: 0.3986235
EarlyStopping counter: 18 out of 20
Updating learning rate to 8.727963568087723e-07
Epoch: 49 cost time: 27.54565191268921
Epoch: 49, Steps: 23 | Train Loss: 0.4404389 Vali Loss: 0.3776351 Test Loss: 0.3986388
EarlyStopping counter: 19 out of 20
Updating learning rate to 7.855167211278951e-07
Epoch: 50 cost time: 27.587641954421997
Epoch: 50, Steps: 23 | Train Loss: 0.4395208 Vali Loss: 0.3799371 Test Loss: 0.3987467
EarlyStopping counter: 20 out of 20
Early stopping
>>>>>>>testing : PatchTST_JNJ_336_96<<<<<<<<<<<<<<<<<<<<<<<<<<<<<<<<<
test 1755
mse:6146101248.0, mae:7357.19580078125, rse:0.9356028437614441
