Args in experiment:
Namespace(activation='gelu', affine=0, batch_size=256, c_out=7, d_ff=256, d_model=128, data='custom', data_path='AAPL.csv', date_header='Timestamp', dec_in=19, decoder_layers=1, decomposition=1, des='Exp', devices='0,1,2,3', distil=True, do_predict=False, dropout=0.2, e_layers=3, embed='timeF', embed_type=0, enc_in=19, factor=1, fc_dropout=0.2, features='M', freq='1d', gpu=0, head_dropout=0.0, individual=0, is_training=1, itr=1, kernel_size=25, label_len=48, learning_rate=0.0001, loss='mse', lradj='type3', model='PatchTST', model_id='PatchTST_AAPL_336_96', moving_avg=25, n_heads=16, num_workers=10, output_attention=False, padding_patch='end', patch_len=16, patience=20, pct_start=0.3, pred_len=96, random_seed=2024, result_path='./predictor/results/', revin=1, root_path='./predictor/dataset/', seq_len=336, stride=8, subtract_last=0, target='Close', test_flop=False, train_epochs=100, use_amp=False, use_gpu=True, use_multi_gpu=False)
Use GPU: cuda:0
>>>>>>>start training : PatchTST_AAPL_336_96>>>>>>>>>>>>>>>>>>>>>>>>>>
train 10793
val 1509
test 3112
Epoch: 1 cost time: 50.277498960494995
Epoch: 1, Steps: 42 | Train Loss: 0.5915112 Vali Loss: 0.7084892 Test Loss: 0.6465338
Validation loss decreased (inf --> 0.708489).  Saving model ...
Updating learning rate to 0.0001
Epoch: 2 cost time: 50.08437395095825
Epoch: 2, Steps: 42 | Train Loss: 0.4798467 Vali Loss: 0.5526941 Test Loss: 0.5079485
Validation loss decreased (0.708489 --> 0.552694).  Saving model ...
Updating learning rate to 0.0001
Epoch: 3 cost time: 50.12449860572815
Epoch: 3, Steps: 42 | Train Loss: 0.4082485 Vali Loss: 0.5328469 Test Loss: 0.4888113
Validation loss decreased (0.552694 --> 0.532847).  Saving model ...
Updating learning rate to 0.0001
Epoch: 4 cost time: 50.21504306793213
Epoch: 4, Steps: 42 | Train Loss: 0.3793763 Vali Loss: 0.4936516 Test Loss: 0.4666912
Validation loss decreased (0.532847 --> 0.493652).  Saving model ...
Updating learning rate to 9e-05
Epoch: 5 cost time: 49.87666869163513
Epoch: 5, Steps: 42 | Train Loss: 0.3655759 Vali Loss: 0.5029560 Test Loss: 0.4624909
EarlyStopping counter: 1 out of 20
Updating learning rate to 8.1e-05
Epoch: 6 cost time: 49.86791729927063
Epoch: 6, Steps: 42 | Train Loss: 0.3585113 Vali Loss: 0.4946050 Test Loss: 0.4556445
EarlyStopping counter: 2 out of 20
Updating learning rate to 7.290000000000001e-05
Epoch: 7 cost time: 49.842055320739746
Epoch: 7, Steps: 42 | Train Loss: 0.3528307 Vali Loss: 0.5109863 Test Loss: 0.4583067
EarlyStopping counter: 3 out of 20
Updating learning rate to 6.561e-05
Epoch: 8 cost time: 49.92082405090332
Epoch: 8, Steps: 42 | Train Loss: 0.3491378 Vali Loss: 0.4949638 Test Loss: 0.4550894
EarlyStopping counter: 4 out of 20
Updating learning rate to 5.904900000000001e-05
Epoch: 9 cost time: 49.79952073097229
Epoch: 9, Steps: 42 | Train Loss: 0.3449938 Vali Loss: 0.5094770 Test Loss: 0.4520608
EarlyStopping counter: 5 out of 20
Updating learning rate to 5.3144100000000005e-05
Epoch: 10 cost time: 49.893115520477295
Epoch: 10, Steps: 42 | Train Loss: 0.3412358 Vali Loss: 0.5135733 Test Loss: 0.4555379
EarlyStopping counter: 6 out of 20
Updating learning rate to 4.782969000000001e-05
Epoch: 11 cost time: 49.854281425476074
Epoch: 11, Steps: 42 | Train Loss: 0.3378369 Vali Loss: 0.5125334 Test Loss: 0.4563202
EarlyStopping counter: 7 out of 20
Updating learning rate to 4.304672100000001e-05
Epoch: 12 cost time: 49.87695646286011
Epoch: 12, Steps: 42 | Train Loss: 0.3344436 Vali Loss: 0.5198966 Test Loss: 0.4603982
EarlyStopping counter: 8 out of 20
Updating learning rate to 3.874204890000001e-05
Epoch: 13 cost time: 49.907904863357544
Epoch: 13, Steps: 42 | Train Loss: 0.3310919 Vali Loss: 0.5259733 Test Loss: 0.4610488
EarlyStopping counter: 9 out of 20
Updating learning rate to 3.486784401000001e-05
Epoch: 14 cost time: 49.919278144836426
Epoch: 14, Steps: 42 | Train Loss: 0.3292957 Vali Loss: 0.5302133 Test Loss: 0.4639263
EarlyStopping counter: 10 out of 20
Updating learning rate to 3.138105960900001e-05
Epoch: 15 cost time: 49.76905918121338
Epoch: 15, Steps: 42 | Train Loss: 0.3274788 Vali Loss: 0.5147692 Test Loss: 0.4620810
EarlyStopping counter: 11 out of 20
Updating learning rate to 2.824295364810001e-05
Epoch: 16 cost time: 49.83154535293579
Epoch: 16, Steps: 42 | Train Loss: 0.3250096 Vali Loss: 0.5241421 Test Loss: 0.4611142
EarlyStopping counter: 12 out of 20
Updating learning rate to 2.541865828329001e-05
Epoch: 17 cost time: 49.93540692329407
Epoch: 17, Steps: 42 | Train Loss: 0.3233466 Vali Loss: 0.5339245 Test Loss: 0.4648212
EarlyStopping counter: 13 out of 20
Updating learning rate to 2.287679245496101e-05
Epoch: 18 cost time: 50.015629053115845
Epoch: 18, Steps: 42 | Train Loss: 0.3216840 Vali Loss: 0.5284362 Test Loss: 0.4649374
EarlyStopping counter: 14 out of 20
Updating learning rate to 2.0589113209464907e-05
Epoch: 19 cost time: 49.755831241607666
Epoch: 19, Steps: 42 | Train Loss: 0.3202396 Vali Loss: 0.5278600 Test Loss: 0.4620547
EarlyStopping counter: 15 out of 20
Updating learning rate to 1.8530201888518416e-05
Epoch: 20 cost time: 49.93818664550781
Epoch: 20, Steps: 42 | Train Loss: 0.3187166 Vali Loss: 0.5208639 Test Loss: 0.4647366
EarlyStopping counter: 16 out of 20
Updating learning rate to 1.6677181699666577e-05
Epoch: 21 cost time: 49.865967750549316
Epoch: 21, Steps: 42 | Train Loss: 0.3176719 Vali Loss: 0.5282253 Test Loss: 0.4642721
EarlyStopping counter: 17 out of 20
Updating learning rate to 1.5009463529699919e-05
Epoch: 22 cost time: 49.750402212142944
Epoch: 22, Steps: 42 | Train Loss: 0.3166877 Vali Loss: 0.5265166 Test Loss: 0.4642147
EarlyStopping counter: 18 out of 20
Updating learning rate to 1.3508517176729929e-05
Epoch: 23 cost time: 49.773932695388794
Epoch: 23, Steps: 42 | Train Loss: 0.3157135 Vali Loss: 0.5272554 Test Loss: 0.4636142
EarlyStopping counter: 19 out of 20
Updating learning rate to 1.2157665459056936e-05
Epoch: 24 cost time: 50.012081146240234
Epoch: 24, Steps: 42 | Train Loss: 0.3146622 Vali Loss: 0.5309264 Test Loss: 0.4647637
EarlyStopping counter: 20 out of 20
Early stopping
>>>>>>>testing : PatchTST_AAPL_336_96<<<<<<<<<<<<<<<<<<<<<<<<<<<<<<<<<
test 3112
mse:126581768192.0, mae:39942.05078125, rse:0.636984646320343
