Args in experiment:
Namespace(activation='gelu', affine=0, batch_size=256, c_out=7, d_ff=256, d_model=128, data='custom', data_path='XOM.csv', date_header='Timestamp', dec_in=19, decoder_layers=1, decomposition=1, des='Exp', devices='0,1,2,3', distil=True, do_predict=False, dropout=0.2, e_layers=3, embed='timeF', embed_type=0, enc_in=19, factor=1, fc_dropout=0.2, features='M', freq='1d', gpu=0, head_dropout=0.0, individual=0, is_training=1, itr=1, kernel_size=25, label_len=48, learning_rate=0.0001, loss='mse', lradj='type3', model='PatchTST', model_id='PatchTST_XOM_336_96', moving_avg=25, n_heads=16, num_workers=10, output_attention=False, padding_patch='end', patch_len=16, patience=20, pct_start=0.3, pred_len=96, random_seed=2024, result_path='./predictor/results/', revin=1, root_path='./predictor/dataset/', seq_len=336, stride=8, subtract_last=0, target='Close', test_flop=False, train_epochs=100, use_amp=False, use_gpu=True, use_multi_gpu=False)
Use GPU: cuda:0
>>>>>>>start training : PatchTST_XOM_336_96>>>>>>>>>>>>>>>>>>>>>>>>>>
train 9495
val 1323
test 2741
Epoch: 1 cost time: 44.56802940368652
Epoch: 1, Steps: 37 | Train Loss: 0.5964755 Vali Loss: 0.6880354 Test Loss: 0.4430359
Validation loss decreased (inf --> 0.688035).  Saving model ...
Updating learning rate to 0.0001
Epoch: 2 cost time: 43.82253813743591
Epoch: 2, Steps: 37 | Train Loss: 0.5017830 Vali Loss: 0.5339934 Test Loss: 0.4050263
Validation loss decreased (0.688035 --> 0.533993).  Saving model ...
Updating learning rate to 0.0001
Epoch: 3 cost time: 43.944740772247314
Epoch: 3, Steps: 37 | Train Loss: 0.4356538 Vali Loss: 0.4758580 Test Loss: 0.3838939
Validation loss decreased (0.533993 --> 0.475858).  Saving model ...
Updating learning rate to 0.0001
Epoch: 4 cost time: 43.96924901008606
Epoch: 4, Steps: 37 | Train Loss: 0.4054954 Vali Loss: 0.4527944 Test Loss: 0.3759142
Validation loss decreased (0.475858 --> 0.452794).  Saving model ...
Updating learning rate to 9e-05
Epoch: 5 cost time: 43.97281193733215
Epoch: 5, Steps: 37 | Train Loss: 0.3901785 Vali Loss: 0.4459823 Test Loss: 0.3726359
Validation loss decreased (0.452794 --> 0.445982).  Saving model ...
Updating learning rate to 8.1e-05
Epoch: 6 cost time: 43.99974703788757
Epoch: 6, Steps: 37 | Train Loss: 0.3825375 Vali Loss: 0.4486538 Test Loss: 0.3698593
EarlyStopping counter: 1 out of 20
Updating learning rate to 7.290000000000001e-05
Epoch: 7 cost time: 44.00096273422241
Epoch: 7, Steps: 37 | Train Loss: 0.3781282 Vali Loss: 0.4492532 Test Loss: 0.3683532
EarlyStopping counter: 2 out of 20
Updating learning rate to 6.561e-05
Epoch: 8 cost time: 44.002119302749634
Epoch: 8, Steps: 37 | Train Loss: 0.3742496 Vali Loss: 0.4475389 Test Loss: 0.3686713
EarlyStopping counter: 3 out of 20
Updating learning rate to 5.904900000000001e-05
Epoch: 9 cost time: 43.956465005874634
Epoch: 9, Steps: 37 | Train Loss: 0.3716589 Vali Loss: 0.4476091 Test Loss: 0.3675202
EarlyStopping counter: 4 out of 20
Updating learning rate to 5.3144100000000005e-05
Epoch: 10 cost time: 44.13442349433899
Epoch: 10, Steps: 37 | Train Loss: 0.3690447 Vali Loss: 0.4495030 Test Loss: 0.3644277
EarlyStopping counter: 5 out of 20
Updating learning rate to 4.782969000000001e-05
Epoch: 11 cost time: 43.97265696525574
Epoch: 11, Steps: 37 | Train Loss: 0.3670754 Vali Loss: 0.4567052 Test Loss: 0.3632316
EarlyStopping counter: 6 out of 20
Updating learning rate to 4.304672100000001e-05
Epoch: 12 cost time: 43.921202421188354
Epoch: 12, Steps: 37 | Train Loss: 0.3652251 Vali Loss: 0.4563927 Test Loss: 0.3656062
EarlyStopping counter: 7 out of 20
Updating learning rate to 3.874204890000001e-05
Epoch: 13 cost time: 44.00939702987671
Epoch: 13, Steps: 37 | Train Loss: 0.3635177 Vali Loss: 0.4527979 Test Loss: 0.3661287
EarlyStopping counter: 8 out of 20
Updating learning rate to 3.486784401000001e-05
Epoch: 14 cost time: 43.95304822921753
Epoch: 14, Steps: 37 | Train Loss: 0.3618793 Vali Loss: 0.4477948 Test Loss: 0.3702253
EarlyStopping counter: 9 out of 20
Updating learning rate to 3.138105960900001e-05
Epoch: 15 cost time: 44.05936670303345
Epoch: 15, Steps: 37 | Train Loss: 0.3601383 Vali Loss: 0.4491537 Test Loss: 0.3709727
EarlyStopping counter: 10 out of 20
Updating learning rate to 2.824295364810001e-05
Epoch: 16 cost time: 43.9638557434082
Epoch: 16, Steps: 37 | Train Loss: 0.3588791 Vali Loss: 0.4476495 Test Loss: 0.3705986
EarlyStopping counter: 11 out of 20
Updating learning rate to 2.541865828329001e-05
Epoch: 17 cost time: 44.41275095939636
Epoch: 17, Steps: 37 | Train Loss: 0.3576947 Vali Loss: 0.4513671 Test Loss: 0.3710011
EarlyStopping counter: 12 out of 20
Updating learning rate to 2.287679245496101e-05
Epoch: 18 cost time: 44.144357204437256
Epoch: 18, Steps: 37 | Train Loss: 0.3567236 Vali Loss: 0.4487827 Test Loss: 0.3714132
EarlyStopping counter: 13 out of 20
Updating learning rate to 2.0589113209464907e-05
Epoch: 19 cost time: 44.17849946022034
Epoch: 19, Steps: 37 | Train Loss: 0.3556268 Vali Loss: 0.4505623 Test Loss: 0.3720650
EarlyStopping counter: 14 out of 20
Updating learning rate to 1.8530201888518416e-05
Epoch: 20 cost time: 44.10715842247009
Epoch: 20, Steps: 37 | Train Loss: 0.3542980 Vali Loss: 0.4497961 Test Loss: 0.3717555
EarlyStopping counter: 15 out of 20
Updating learning rate to 1.6677181699666577e-05
Epoch: 21 cost time: 44.068535804748535
Epoch: 21, Steps: 37 | Train Loss: 0.3540029 Vali Loss: 0.4499325 Test Loss: 0.3714091
EarlyStopping counter: 16 out of 20
Updating learning rate to 1.5009463529699919e-05
Epoch: 22 cost time: 44.20809745788574
Epoch: 22, Steps: 37 | Train Loss: 0.3528472 Vali Loss: 0.4479337 Test Loss: 0.3735623
EarlyStopping counter: 17 out of 20
Updating learning rate to 1.3508517176729929e-05
Epoch: 23 cost time: 44.04069805145264
Epoch: 23, Steps: 37 | Train Loss: 0.3520521 Vali Loss: 0.4497384 Test Loss: 0.3720718
EarlyStopping counter: 18 out of 20
Updating learning rate to 1.2157665459056936e-05
Epoch: 24 cost time: 44.32714009284973
Epoch: 24, Steps: 37 | Train Loss: 0.3515239 Vali Loss: 0.4498703 Test Loss: 0.3728266
EarlyStopping counter: 19 out of 20
Updating learning rate to 1.0941898913151242e-05
Epoch: 25 cost time: 43.962783098220825
Epoch: 25, Steps: 37 | Train Loss: 0.3505794 Vali Loss: 0.4492230 Test Loss: 0.3731933
EarlyStopping counter: 20 out of 20
Early stopping
>>>>>>>testing : PatchTST_XOM_336_96<<<<<<<<<<<<<<<<<<<<<<<<<<<<<<<<<
test 2741
mse:24792100864.0, mae:15990.4921875, rse:0.9376892447471619
