Args in experiment:
Namespace(activation='gelu', affine=0, batch_size=128, c_out=7, d_ff=256, d_model=128, data='custom', data_path='BAC_with_sentiment.csv', date_header='Timestamp', dec_in=20, decoder_layers=1, decomposition=1, des='Exp', devices='0,1,2,3', distil=True, do_predict=False, dropout=0.2, e_layers=3, embed='timeF', embed_type=0, enc_in=20, factor=1, fc_dropout=0.2, features='M', freq='1d', gpu=0, head_dropout=0.0, individual=0, is_training=1, itr=1, kernel_size=25, label_len=48, learning_rate=0.0001, loss='mse', lradj='type3', model='PatchTST', model_id='PatchTST_BAC_with_sentiment_336_96', moving_avg=25, n_heads=16, num_workers=10, output_attention=False, padding_patch='end', patch_len=16, patience=20, pct_start=0.3, pred_len=96, random_seed=2024, result_path='./predictor/results/', revin=1, root_path='./predictor/dataset/', seq_len=336, stride=8, subtract_last=0, target='Close', test_flop=False, train_epochs=100, use_amp=False, use_gpu=True, use_multi_gpu=False)
Use GPU: cuda:0
>>>>>>>start training : PatchTST_BAC_with_sentiment_336_96>>>>>>>>>>>>>>>>>>>>>>>>>>
train 8232
val 1144
test 2380
Epoch: 1 cost time: 44.497758626937866
Epoch: 1, Steps: 64 | Train Loss: 0.5968239 Vali Loss: 0.8254218 Test Loss: 0.4703139
Validation loss decreased (inf --> 0.825422).  Saving model ...
Updating learning rate to 0.0001
Epoch: 2 cost time: 43.91142010688782
Epoch: 2, Steps: 64 | Train Loss: 0.4761617 Vali Loss: 0.6360168 Test Loss: 0.3761699
Validation loss decreased (0.825422 --> 0.636017).  Saving model ...
Updating learning rate to 0.0001
Epoch: 3 cost time: 44.1507031917572
Epoch: 3, Steps: 64 | Train Loss: 0.4165311 Vali Loss: 0.6356604 Test Loss: 0.3731612
Validation loss decreased (0.636017 --> 0.635660).  Saving model ...
Updating learning rate to 0.0001
Epoch: 4 cost time: 44.302566051483154
Epoch: 4, Steps: 64 | Train Loss: 0.3991308 Vali Loss: 0.6225281 Test Loss: 0.3709879
Validation loss decreased (0.635660 --> 0.622528).  Saving model ...
Updating learning rate to 9e-05
Epoch: 5 cost time: 44.00793099403381
Epoch: 5, Steps: 64 | Train Loss: 0.3916590 Vali Loss: 0.6177237 Test Loss: 0.3739776
Validation loss decreased (0.622528 --> 0.617724).  Saving model ...
Updating learning rate to 8.1e-05
Epoch: 6 cost time: 44.044095277786255
Epoch: 6, Steps: 64 | Train Loss: 0.3864384 Vali Loss: 0.6132421 Test Loss: 0.3708632
Validation loss decreased (0.617724 --> 0.613242).  Saving model ...
Updating learning rate to 7.290000000000001e-05
Epoch: 7 cost time: 44.026652812957764
Epoch: 7, Steps: 64 | Train Loss: 0.3820364 Vali Loss: 0.6376129 Test Loss: 0.3774111
EarlyStopping counter: 1 out of 20
Updating learning rate to 6.561e-05
Epoch: 8 cost time: 44.13253664970398
Epoch: 8, Steps: 64 | Train Loss: 0.3783789 Vali Loss: 0.6213713 Test Loss: 0.3771095
EarlyStopping counter: 2 out of 20
Updating learning rate to 5.904900000000001e-05
Epoch: 9 cost time: 44.049980878829956
Epoch: 9, Steps: 64 | Train Loss: 0.3742911 Vali Loss: 0.6269603 Test Loss: 0.3763425
EarlyStopping counter: 3 out of 20
Updating learning rate to 5.3144100000000005e-05
Epoch: 10 cost time: 44.10884189605713
Epoch: 10, Steps: 64 | Train Loss: 0.3704368 Vali Loss: 0.6304157 Test Loss: 0.3788718
EarlyStopping counter: 4 out of 20
Updating learning rate to 4.782969000000001e-05
Epoch: 11 cost time: 44.105315923690796
Epoch: 11, Steps: 64 | Train Loss: 0.3665439 Vali Loss: 0.6368805 Test Loss: 0.3845693
EarlyStopping counter: 5 out of 20
Updating learning rate to 4.304672100000001e-05
Epoch: 12 cost time: 44.06546497344971
Epoch: 12, Steps: 64 | Train Loss: 0.3623255 Vali Loss: 0.6422417 Test Loss: 0.3806490
EarlyStopping counter: 6 out of 20
Updating learning rate to 3.874204890000001e-05
Epoch: 13 cost time: 44.20927715301514
Epoch: 13, Steps: 64 | Train Loss: 0.3583864 Vali Loss: 0.6538097 Test Loss: 0.3839368
EarlyStopping counter: 7 out of 20
Updating learning rate to 3.486784401000001e-05
Epoch: 14 cost time: 44.07863473892212
Epoch: 14, Steps: 64 | Train Loss: 0.3551381 Vali Loss: 0.6413251 Test Loss: 0.3849441
EarlyStopping counter: 8 out of 20
Updating learning rate to 3.138105960900001e-05
Epoch: 15 cost time: 44.080402135849
Epoch: 15, Steps: 64 | Train Loss: 0.3522401 Vali Loss: 0.6558359 Test Loss: 0.3856001
EarlyStopping counter: 9 out of 20
Updating learning rate to 2.824295364810001e-05
Epoch: 16 cost time: 44.171332597732544
Epoch: 16, Steps: 64 | Train Loss: 0.3494223 Vali Loss: 0.6591703 Test Loss: 0.3875595
EarlyStopping counter: 10 out of 20
Updating learning rate to 2.541865828329001e-05
Epoch: 17 cost time: 44.220765590667725
Epoch: 17, Steps: 64 | Train Loss: 0.3471701 Vali Loss: 0.6700837 Test Loss: 0.3887493
EarlyStopping counter: 11 out of 20
Updating learning rate to 2.287679245496101e-05
Epoch: 18 cost time: 45.00083374977112
Epoch: 18, Steps: 64 | Train Loss: 0.3457977 Vali Loss: 0.6744846 Test Loss: 0.3908945
EarlyStopping counter: 12 out of 20
Updating learning rate to 2.0589113209464907e-05
Epoch: 19 cost time: 44.25109314918518
Epoch: 19, Steps: 64 | Train Loss: 0.3432593 Vali Loss: 0.6630189 Test Loss: 0.3900451
EarlyStopping counter: 13 out of 20
Updating learning rate to 1.8530201888518416e-05
Epoch: 20 cost time: 44.226988315582275
Epoch: 20, Steps: 64 | Train Loss: 0.3416008 Vali Loss: 0.6798195 Test Loss: 0.3930992
EarlyStopping counter: 14 out of 20
Updating learning rate to 1.6677181699666577e-05
Epoch: 21 cost time: 44.08454203605652
Epoch: 21, Steps: 64 | Train Loss: 0.3401448 Vali Loss: 0.6789276 Test Loss: 0.3958699
EarlyStopping counter: 15 out of 20
Updating learning rate to 1.5009463529699919e-05
Epoch: 22 cost time: 44.10596323013306
Epoch: 22, Steps: 64 | Train Loss: 0.3392813 Vali Loss: 0.6722233 Test Loss: 0.3948120
EarlyStopping counter: 16 out of 20
Updating learning rate to 1.3508517176729929e-05
Epoch: 23 cost time: 44.27399039268494
Epoch: 23, Steps: 64 | Train Loss: 0.3375573 Vali Loss: 0.6802024 Test Loss: 0.3968286
EarlyStopping counter: 17 out of 20
Updating learning rate to 1.2157665459056936e-05
Epoch: 24 cost time: 44.185264348983765
Epoch: 24, Steps: 64 | Train Loss: 0.3370426 Vali Loss: 0.6793892 Test Loss: 0.3988100
EarlyStopping counter: 18 out of 20
Updating learning rate to 1.0941898913151242e-05
Epoch: 25 cost time: 44.5558922290802
Epoch: 25, Steps: 64 | Train Loss: 0.3359633 Vali Loss: 0.6833001 Test Loss: 0.3988448
EarlyStopping counter: 19 out of 20
Updating learning rate to 9.847709021836118e-06
Epoch: 26 cost time: 44.44460129737854
Epoch: 26, Steps: 64 | Train Loss: 0.3348488 Vali Loss: 0.6814520 Test Loss: 0.3999806
EarlyStopping counter: 20 out of 20
Early stopping
>>>>>>>testing : PatchTST_BAC_with_sentiment_336_96<<<<<<<<<<<<<<<<<<<<<<<<<<<<<<<<<
test 2380
mse:56893276160.0, mae:31648.65625, rse:0.8410831689834595
