Args in experiment:
Namespace(activation='gelu', affine=0, batch_size=256, c_out=7, d_ff=256, d_model=128, data='custom', data_path='KO.csv', date_header='Timestamp', dec_in=19, decoder_layers=1, decomposition=1, des='Exp', devices='0,1,2,3', distil=True, do_predict=False, dropout=0.2, e_layers=3, embed='timeF', embed_type=0, enc_in=19, factor=1, fc_dropout=0.2, features='M', freq='1d', gpu=0, head_dropout=0.0, individual=0, is_training=1, itr=1, kernel_size=25, label_len=48, learning_rate=0.0001, loss='mse', lradj='type3', model='PatchTST', model_id='PatchTST_KO_336_96', moving_avg=25, n_heads=16, num_workers=10, output_attention=False, padding_patch='end', patch_len=16, patience=20, pct_start=0.3, pred_len=96, random_seed=2024, result_path='./predictor/results/', revin=1, root_path='./predictor/dataset/', seq_len=336, stride=8, subtract_last=0, target='Close', test_flop=False, train_epochs=100, use_amp=False, use_gpu=True, use_multi_gpu=False)
Use GPU: cuda:0
>>>>>>>start training : PatchTST_KO_336_96>>>>>>>>>>>>>>>>>>>>>>>>>>
train 7875
val 1093
test 2278
Epoch: 1 cost time: 36.1511173248291
Epoch: 1, Steps: 30 | Train Loss: 0.8020317 Vali Loss: 0.6580738 Test Loss: 0.6887873
Validation loss decreased (inf --> 0.658074).  Saving model ...
Updating learning rate to 0.0001
Epoch: 2 cost time: 35.730196952819824
Epoch: 2, Steps: 30 | Train Loss: 0.6607318 Vali Loss: 0.4825069 Test Loss: 0.5129145
Validation loss decreased (0.658074 --> 0.482507).  Saving model ...
Updating learning rate to 0.0001
Epoch: 3 cost time: 35.895811796188354
Epoch: 3, Steps: 30 | Train Loss: 0.5642031 Vali Loss: 0.4176780 Test Loss: 0.4692631
Validation loss decreased (0.482507 --> 0.417678).  Saving model ...
Updating learning rate to 0.0001
Epoch: 4 cost time: 35.693153619766235
Epoch: 4, Steps: 30 | Train Loss: 0.5209410 Vali Loss: 0.3913201 Test Loss: 0.4324598
Validation loss decreased (0.417678 --> 0.391320).  Saving model ...
Updating learning rate to 9e-05
Epoch: 5 cost time: 35.72864651679993
Epoch: 5, Steps: 30 | Train Loss: 0.4982494 Vali Loss: 0.3821050 Test Loss: 0.4213613
Validation loss decreased (0.391320 --> 0.382105).  Saving model ...
Updating learning rate to 8.1e-05
Epoch: 6 cost time: 36.20522737503052
Epoch: 6, Steps: 30 | Train Loss: 0.4831256 Vali Loss: 0.3806792 Test Loss: 0.4185226
Validation loss decreased (0.382105 --> 0.380679).  Saving model ...
Updating learning rate to 7.290000000000001e-05
Epoch: 7 cost time: 35.82927131652832
Epoch: 7, Steps: 30 | Train Loss: 0.4712859 Vali Loss: 0.3849186 Test Loss: 0.4172873
EarlyStopping counter: 1 out of 20
Updating learning rate to 6.561e-05
Epoch: 8 cost time: 35.82106566429138
Epoch: 8, Steps: 30 | Train Loss: 0.4641483 Vali Loss: 0.3862248 Test Loss: 0.4159936
EarlyStopping counter: 2 out of 20
Updating learning rate to 5.904900000000001e-05
Epoch: 9 cost time: 35.822253942489624
Epoch: 9, Steps: 30 | Train Loss: 0.4594130 Vali Loss: 0.3833933 Test Loss: 0.4155872
EarlyStopping counter: 3 out of 20
Updating learning rate to 5.3144100000000005e-05
Epoch: 10 cost time: 35.79824233055115
Epoch: 10, Steps: 30 | Train Loss: 0.4539439 Vali Loss: 0.3876613 Test Loss: 0.4233010
EarlyStopping counter: 4 out of 20
Updating learning rate to 4.782969000000001e-05
Epoch: 11 cost time: 36.14172148704529
Epoch: 11, Steps: 30 | Train Loss: 0.4513859 Vali Loss: 0.3841721 Test Loss: 0.4216226
EarlyStopping counter: 5 out of 20
Updating learning rate to 4.304672100000001e-05
Epoch: 12 cost time: 35.86910367012024
Epoch: 12, Steps: 30 | Train Loss: 0.4478330 Vali Loss: 0.3854696 Test Loss: 0.4209818
EarlyStopping counter: 6 out of 20
Updating learning rate to 3.874204890000001e-05
Epoch: 13 cost time: 35.79602313041687
Epoch: 13, Steps: 30 | Train Loss: 0.4442203 Vali Loss: 0.3889008 Test Loss: 0.4227221
EarlyStopping counter: 7 out of 20
Updating learning rate to 3.486784401000001e-05
Epoch: 14 cost time: 35.76185202598572
Epoch: 14, Steps: 30 | Train Loss: 0.4427798 Vali Loss: 0.3869770 Test Loss: 0.4216718
EarlyStopping counter: 8 out of 20
Updating learning rate to 3.138105960900001e-05
Epoch: 15 cost time: 35.77299213409424
Epoch: 15, Steps: 30 | Train Loss: 0.4414602 Vali Loss: 0.3878684 Test Loss: 0.4239836
EarlyStopping counter: 9 out of 20
Updating learning rate to 2.824295364810001e-05
Epoch: 16 cost time: 35.78848457336426
Epoch: 16, Steps: 30 | Train Loss: 0.4368563 Vali Loss: 0.3909785 Test Loss: 0.4256464
EarlyStopping counter: 10 out of 20
Updating learning rate to 2.541865828329001e-05
Epoch: 17 cost time: 35.83786201477051
Epoch: 17, Steps: 30 | Train Loss: 0.4380143 Vali Loss: 0.3877781 Test Loss: 0.4276075
EarlyStopping counter: 11 out of 20
Updating learning rate to 2.287679245496101e-05
Epoch: 18 cost time: 35.85013270378113
Epoch: 18, Steps: 30 | Train Loss: 0.4357883 Vali Loss: 0.3901942 Test Loss: 0.4244062
EarlyStopping counter: 12 out of 20
Updating learning rate to 2.0589113209464907e-05
Epoch: 19 cost time: 35.77638626098633
Epoch: 19, Steps: 30 | Train Loss: 0.4330047 Vali Loss: 0.3857161 Test Loss: 0.4237434
EarlyStopping counter: 13 out of 20
Updating learning rate to 1.8530201888518416e-05
Epoch: 20 cost time: 35.857654094696045
Epoch: 20, Steps: 30 | Train Loss: 0.4312367 Vali Loss: 0.3897955 Test Loss: 0.4262092
EarlyStopping counter: 14 out of 20
Updating learning rate to 1.6677181699666577e-05
Epoch: 21 cost time: 35.72490954399109
Epoch: 21, Steps: 30 | Train Loss: 0.4316274 Vali Loss: 0.3877668 Test Loss: 0.4271753
EarlyStopping counter: 15 out of 20
Updating learning rate to 1.5009463529699919e-05
Epoch: 22 cost time: 35.74783372879028
Epoch: 22, Steps: 30 | Train Loss: 0.4290783 Vali Loss: 0.3876824 Test Loss: 0.4245694
EarlyStopping counter: 16 out of 20
Updating learning rate to 1.3508517176729929e-05
Epoch: 23 cost time: 35.73279857635498
Epoch: 23, Steps: 30 | Train Loss: 0.4285510 Vali Loss: 0.3910083 Test Loss: 0.4264628
EarlyStopping counter: 17 out of 20
Updating learning rate to 1.2157665459056936e-05
Epoch: 24 cost time: 35.80061173439026
Epoch: 24, Steps: 30 | Train Loss: 0.4264720 Vali Loss: 0.3887412 Test Loss: 0.4258758
EarlyStopping counter: 18 out of 20
Updating learning rate to 1.0941898913151242e-05
Epoch: 25 cost time: 35.78274965286255
Epoch: 25, Steps: 30 | Train Loss: 0.4252991 Vali Loss: 0.3902432 Test Loss: 0.4245563
EarlyStopping counter: 19 out of 20
Updating learning rate to 9.847709021836118e-06
Epoch: 26 cost time: 35.80529999732971
Epoch: 26, Steps: 30 | Train Loss: 0.4263141 Vali Loss: 0.3905199 Test Loss: 0.4253227
EarlyStopping counter: 20 out of 20
Early stopping
>>>>>>>testing : PatchTST_KO_336_96<<<<<<<<<<<<<<<<<<<<<<<<<<<<<<<<<
test 2278
mse:17789739008.0, mae:14159.8251953125, rse:0.9337706565856934
