Args in experiment:
Namespace(random_seed=2021, is_training=1, model_id='Transformer_sin_wave_336_96', model='Transformer', data='custom', root_path='./predictor/dataset/', data_path='sin_wave.csv', result_path='./predictor/results/', features='M', target='Close', freq='d', date_header='Timestamp', seq_len=336, label_len=48, pred_len=96, fc_dropout=0.2, head_dropout=0.0, patch_len=16, stride=8, padding_patch='end', revin=1, affine=0, subtract_last=0, decomposition=1, kernel_size=25, individual=0, embed_type=0, enc_in=5, dec_in=5, c_out=5, d_model=128, n_heads=16, e_layers=3, decoder_layers=1, d_ff=256, moving_avg=25, factor=1, distil=True, dropout=0.2, embed='timeF', activation='gelu', output_attention=False, do_predict=False, num_workers=10, itr=1, train_epochs=100, batch_size=128, patience=20, learning_rate=0.0001, des='Exp', loss='mse', lradj='type3', pct_start=0.3, use_amp=False, use_gpu=True, gpu=0, use_multi_gpu=False, devices='0,1,2,3', test_flop=False)
Use GPU: cuda:0
>>>>>>>start training : Transformer_sin_wave_336_96_custom>>>>>>>>>>>>>>>>>>>>>>>>>>
train 4298
val 582
test 1256
Epoch: 1 cost time: 19.13677668571472
Epoch: 1, Steps: 33 | Train Loss: 1.2540824 Vali Loss: 1.2128320 Test Loss: 1.2018102
Validation loss decreased (inf --> 1.212832).  Saving model ...
Updating learning rate to 0.0001
Epoch: 2 cost time: 15.109464168548584
Epoch: 2, Steps: 33 | Train Loss: 0.8980606 Vali Loss: 0.6747287 Test Loss: 0.6571901
Validation loss decreased (1.212832 --> 0.674729).  Saving model ...
Updating learning rate to 0.0001
Epoch: 3 cost time: 15.138273000717163
Epoch: 3, Steps: 33 | Train Loss: 0.6491075 Vali Loss: 0.5546602 Test Loss: 0.5314972
Validation loss decreased (0.674729 --> 0.554660).  Saving model ...
Updating learning rate to 0.0001
Epoch: 4 cost time: 17.98769760131836
Epoch: 4, Steps: 33 | Train Loss: 0.5421899 Vali Loss: 0.4269219 Test Loss: 0.4198400
Validation loss decreased (0.554660 --> 0.426922).  Saving model ...
Updating learning rate to 9e-05
Epoch: 5 cost time: 15.777337551116943
Epoch: 5, Steps: 33 | Train Loss: 0.4255733 Vali Loss: 0.3030568 Test Loss: 0.3001779
Validation loss decreased (0.426922 --> 0.303057).  Saving model ...
Updating learning rate to 8.1e-05
Epoch: 6 cost time: 15.344970941543579
Epoch: 6, Steps: 33 | Train Loss: 0.3314622 Vali Loss: 0.2723121 Test Loss: 0.2688955
Validation loss decreased (0.303057 --> 0.272312).  Saving model ...
Updating learning rate to 7.290000000000001e-05
Epoch: 7 cost time: 15.706008434295654
Epoch: 7, Steps: 33 | Train Loss: 0.2895073 Vali Loss: 0.2411710 Test Loss: 0.2339140
Validation loss decreased (0.272312 --> 0.241171).  Saving model ...
Updating learning rate to 6.561e-05
Epoch: 8 cost time: 15.420054197311401
Epoch: 8, Steps: 33 | Train Loss: 0.2687174 Vali Loss: 0.2398788 Test Loss: 0.2324363
Validation loss decreased (0.241171 --> 0.239879).  Saving model ...
Updating learning rate to 5.904900000000001e-05
Epoch: 9 cost time: 15.548335790634155
Epoch: 9, Steps: 33 | Train Loss: 0.2581743 Vali Loss: 0.2341643 Test Loss: 0.2264923
Validation loss decreased (0.239879 --> 0.234164).  Saving model ...
Updating learning rate to 5.3144100000000005e-05
Epoch: 10 cost time: 15.393487215042114
Epoch: 10, Steps: 33 | Train Loss: 0.2515071 Vali Loss: 0.2330869 Test Loss: 0.2254490
Validation loss decreased (0.234164 --> 0.233087).  Saving model ...
Updating learning rate to 4.782969000000001e-05
Epoch: 11 cost time: 15.335234880447388
Epoch: 11, Steps: 33 | Train Loss: 0.2470685 Vali Loss: 0.2316692 Test Loss: 0.2239694
Validation loss decreased (0.233087 --> 0.231669).  Saving model ...
Updating learning rate to 4.304672100000001e-05
Epoch: 12 cost time: 15.380189895629883
Epoch: 12, Steps: 33 | Train Loss: 0.2438237 Vali Loss: 0.2309339 Test Loss: 0.2229782
Validation loss decreased (0.231669 --> 0.230934).  Saving model ...
Updating learning rate to 3.874204890000001e-05
Epoch: 13 cost time: 15.390324354171753
Epoch: 13, Steps: 33 | Train Loss: 0.2409769 Vali Loss: 0.2297989 Test Loss: 0.2220976
Validation loss decreased (0.230934 --> 0.229799).  Saving model ...
Updating learning rate to 3.486784401000001e-05
Epoch: 14 cost time: 15.420456886291504
Epoch: 14, Steps: 33 | Train Loss: 0.2391567 Vali Loss: 0.2294003 Test Loss: 0.2219613
Validation loss decreased (0.229799 --> 0.229400).  Saving model ...
Updating learning rate to 3.138105960900001e-05
Epoch: 15 cost time: 15.41026258468628
Epoch: 15, Steps: 33 | Train Loss: 0.2375957 Vali Loss: 0.2283304 Test Loss: 0.2210118
Validation loss decreased (0.229400 --> 0.228330).  Saving model ...
Updating learning rate to 2.824295364810001e-05
Epoch: 16 cost time: 15.391968488693237
Epoch: 16, Steps: 33 | Train Loss: 0.2361107 Vali Loss: 0.2288320 Test Loss: 0.2208182
EarlyStopping counter: 1 out of 20
Updating learning rate to 2.541865828329001e-05
Epoch: 17 cost time: 15.402968645095825
Epoch: 17, Steps: 33 | Train Loss: 0.2348587 Vali Loss: 0.2289079 Test Loss: 0.2205530
EarlyStopping counter: 2 out of 20
Updating learning rate to 2.287679245496101e-05
Epoch: 18 cost time: 15.3600435256958
Epoch: 18, Steps: 33 | Train Loss: 0.2339668 Vali Loss: 0.2288429 Test Loss: 0.2202805
EarlyStopping counter: 3 out of 20
Updating learning rate to 2.0589113209464907e-05
Epoch: 19 cost time: 15.394919157028198
Epoch: 19, Steps: 33 | Train Loss: 0.2331487 Vali Loss: 0.2283083 Test Loss: 0.2204195
Validation loss decreased (0.228330 --> 0.228308).  Saving model ...
Updating learning rate to 1.8530201888518416e-05
Epoch: 20 cost time: 15.41547441482544
Epoch: 20, Steps: 33 | Train Loss: 0.2323717 Vali Loss: 0.2279115 Test Loss: 0.2200743
Validation loss decreased (0.228308 --> 0.227912).  Saving model ...
Updating learning rate to 1.6677181699666577e-05
Epoch: 21 cost time: 15.415361881256104
Epoch: 21, Steps: 33 | Train Loss: 0.2317858 Vali Loss: 0.2277530 Test Loss: 0.2199984
Validation loss decreased (0.227912 --> 0.227753).  Saving model ...
Updating learning rate to 1.5009463529699919e-05
Epoch: 22 cost time: 15.403595924377441
Epoch: 22, Steps: 33 | Train Loss: 0.2312507 Vali Loss: 0.2275535 Test Loss: 0.2197559
Validation loss decreased (0.227753 --> 0.227553).  Saving model ...
Updating learning rate to 1.3508517176729929e-05
Epoch: 23 cost time: 15.434571743011475
Epoch: 23, Steps: 33 | Train Loss: 0.2306955 Vali Loss: 0.2277986 Test Loss: 0.2194835
EarlyStopping counter: 1 out of 20
Updating learning rate to 1.2157665459056936e-05
Epoch: 24 cost time: 15.407999992370605
Epoch: 24, Steps: 33 | Train Loss: 0.2301849 Vali Loss: 0.2277554 Test Loss: 0.2196105
EarlyStopping counter: 2 out of 20
Updating learning rate to 1.0941898913151242e-05
Epoch: 25 cost time: 15.389567613601685
Epoch: 25, Steps: 33 | Train Loss: 0.2299019 Vali Loss: 0.2274299 Test Loss: 0.2197171
Validation loss decreased (0.227553 --> 0.227430).  Saving model ...
Updating learning rate to 9.847709021836118e-06
Epoch: 26 cost time: 15.419879674911499
Epoch: 26, Steps: 33 | Train Loss: 0.2294391 Vali Loss: 0.2274183 Test Loss: 0.2192045
Validation loss decreased (0.227430 --> 0.227418).  Saving model ...
Updating learning rate to 8.862938119652508e-06
Epoch: 27 cost time: 15.382566928863525
Epoch: 27, Steps: 33 | Train Loss: 0.2291565 Vali Loss: 0.2280463 Test Loss: 0.2192279
EarlyStopping counter: 1 out of 20
Updating learning rate to 7.976644307687255e-06
Epoch: 28 cost time: 15.367165088653564
Epoch: 28, Steps: 33 | Train Loss: 0.2290177 Vali Loss: 0.2275471 Test Loss: 0.2192897
EarlyStopping counter: 2 out of 20
Updating learning rate to 7.178979876918531e-06
Epoch: 29 cost time: 15.40877366065979
Epoch: 29, Steps: 33 | Train Loss: 0.2289245 Vali Loss: 0.2270097 Test Loss: 0.2190634
Validation loss decreased (0.227418 --> 0.227010).  Saving model ...
Updating learning rate to 6.4610818892266776e-06
Epoch: 30 cost time: 15.386611223220825
Epoch: 30, Steps: 33 | Train Loss: 0.2284164 Vali Loss: 0.2271274 Test Loss: 0.2188636
EarlyStopping counter: 1 out of 20
Updating learning rate to 5.8149737003040096e-06
Epoch: 31 cost time: 15.362724781036377
Epoch: 31, Steps: 33 | Train Loss: 0.2283246 Vali Loss: 0.2275313 Test Loss: 0.2191185
EarlyStopping counter: 2 out of 20
Updating learning rate to 5.23347633027361e-06
Epoch: 32 cost time: 15.565401554107666
Epoch: 32, Steps: 33 | Train Loss: 0.2282435 Vali Loss: 0.2267240 Test Loss: 0.2189505
Validation loss decreased (0.227010 --> 0.226724).  Saving model ...
Updating learning rate to 4.710128697246249e-06
Epoch: 33 cost time: 15.315343379974365
Epoch: 33, Steps: 33 | Train Loss: 0.2281430 Vali Loss: 0.2269288 Test Loss: 0.2187424
EarlyStopping counter: 1 out of 20
Updating learning rate to 4.239115827521624e-06
Epoch: 34 cost time: 15.387583017349243
Epoch: 34, Steps: 33 | Train Loss: 0.2277681 Vali Loss: 0.2268499 Test Loss: 0.2188646
EarlyStopping counter: 2 out of 20
Updating learning rate to 3.815204244769462e-06
Epoch: 35 cost time: 15.385296106338501
Epoch: 35, Steps: 33 | Train Loss: 0.2277156 Vali Loss: 0.2273500 Test Loss: 0.2187760
EarlyStopping counter: 3 out of 20
Updating learning rate to 3.4336838202925152e-06
Epoch: 36 cost time: 15.695619344711304
Epoch: 36, Steps: 33 | Train Loss: 0.2276447 Vali Loss: 0.2271408 Test Loss: 0.2187319
EarlyStopping counter: 4 out of 20
Updating learning rate to 3.090315438263264e-06
Epoch: 37 cost time: 15.381422519683838
Epoch: 37, Steps: 33 | Train Loss: 0.2275331 Vali Loss: 0.2269629 Test Loss: 0.2187393
EarlyStopping counter: 5 out of 20
Updating learning rate to 2.7812838944369375e-06
Epoch: 38 cost time: 15.371570348739624
Epoch: 38, Steps: 33 | Train Loss: 0.2272857 Vali Loss: 0.2262617 Test Loss: 0.2187199
Validation loss decreased (0.226724 --> 0.226262).  Saving model ...
Updating learning rate to 2.503155504993244e-06
Epoch: 39 cost time: 15.411607265472412
Epoch: 39, Steps: 33 | Train Loss: 0.2271447 Vali Loss: 0.2270870 Test Loss: 0.2188005
EarlyStopping counter: 1 out of 20
Updating learning rate to 2.2528399544939195e-06
Epoch: 40 cost time: 15.391188144683838
Epoch: 40, Steps: 33 | Train Loss: 0.2271235 Vali Loss: 0.2271926 Test Loss: 0.2186839
EarlyStopping counter: 2 out of 20
Updating learning rate to 2.0275559590445276e-06
Epoch: 41 cost time: 15.419549942016602
Epoch: 41, Steps: 33 | Train Loss: 0.2270210 Vali Loss: 0.2268565 Test Loss: 0.2186507
EarlyStopping counter: 3 out of 20
Updating learning rate to 1.8248003631400751e-06
Epoch: 42 cost time: 15.421787738800049
Epoch: 42, Steps: 33 | Train Loss: 0.2270108 Vali Loss: 0.2269517 Test Loss: 0.2186691
EarlyStopping counter: 4 out of 20
Updating learning rate to 1.6423203268260676e-06
Epoch: 43 cost time: 15.422454357147217
Epoch: 43, Steps: 33 | Train Loss: 0.2270730 Vali Loss: 0.2274389 Test Loss: 0.2186429
EarlyStopping counter: 5 out of 20
Updating learning rate to 1.4780882941434609e-06
Epoch: 44 cost time: 15.407483577728271
Epoch: 44, Steps: 33 | Train Loss: 0.2269136 Vali Loss: 0.2272006 Test Loss: 0.2186299
EarlyStopping counter: 6 out of 20
Updating learning rate to 1.3302794647291146e-06
Epoch: 45 cost time: 15.432943105697632
Epoch: 45, Steps: 33 | Train Loss: 0.2269624 Vali Loss: 0.2269812 Test Loss: 0.2186076
EarlyStopping counter: 7 out of 20
Updating learning rate to 1.1972515182562034e-06
Epoch: 46 cost time: 15.347806453704834
Epoch: 46, Steps: 33 | Train Loss: 0.2268419 Vali Loss: 0.2271911 Test Loss: 0.2185785
EarlyStopping counter: 8 out of 20
Updating learning rate to 1.077526366430583e-06
Epoch: 47 cost time: 15.389750719070435
Epoch: 47, Steps: 33 | Train Loss: 0.2267494 Vali Loss: 0.2267575 Test Loss: 0.2185926
EarlyStopping counter: 9 out of 20
Updating learning rate to 9.697737297875248e-07
Epoch: 48 cost time: 15.41703748703003
Epoch: 48, Steps: 33 | Train Loss: 0.2268628 Vali Loss: 0.2269471 Test Loss: 0.2185594
EarlyStopping counter: 10 out of 20
Updating learning rate to 8.727963568087723e-07
Epoch: 49 cost time: 15.521200180053711
Epoch: 49, Steps: 33 | Train Loss: 0.2267968 Vali Loss: 0.2268599 Test Loss: 0.2184864
EarlyStopping counter: 11 out of 20
Updating learning rate to 7.855167211278951e-07
Epoch: 50 cost time: 15.445934772491455
Epoch: 50, Steps: 33 | Train Loss: 0.2265656 Vali Loss: 0.2261942 Test Loss: 0.2185063
Validation loss decreased (0.226262 --> 0.226194).  Saving model ...
Updating learning rate to 7.069650490151056e-07
Epoch: 51 cost time: 15.487777709960938
Epoch: 51, Steps: 33 | Train Loss: 0.2265715 Vali Loss: 0.2268045 Test Loss: 0.2185393
EarlyStopping counter: 1 out of 20
Updating learning rate to 6.36268544113595e-07
Epoch: 52 cost time: 15.403005361557007
Epoch: 52, Steps: 33 | Train Loss: 0.2266432 Vali Loss: 0.2267437 Test Loss: 0.2184904
EarlyStopping counter: 2 out of 20
Updating learning rate to 5.726416897022355e-07
Epoch: 53 cost time: 15.386122226715088
Epoch: 53, Steps: 33 | Train Loss: 0.2265469 Vali Loss: 0.2266947 Test Loss: 0.2184968
EarlyStopping counter: 3 out of 20
Updating learning rate to 5.15377520732012e-07
Epoch: 54 cost time: 15.355399370193481
Epoch: 54, Steps: 33 | Train Loss: 0.2267453 Vali Loss: 0.2263290 Test Loss: 0.2185041
EarlyStopping counter: 4 out of 20
Updating learning rate to 4.6383976865881085e-07
Epoch: 55 cost time: 15.433760404586792
Epoch: 55, Steps: 33 | Train Loss: 0.2265837 Vali Loss: 0.2267528 Test Loss: 0.2185115
EarlyStopping counter: 5 out of 20
Updating learning rate to 4.174557917929298e-07
Epoch: 56 cost time: 15.43592882156372
Epoch: 56, Steps: 33 | Train Loss: 0.2264086 Vali Loss: 0.2267650 Test Loss: 0.2185265
EarlyStopping counter: 6 out of 20
Updating learning rate to 3.7571021261363677e-07
Epoch: 57 cost time: 15.430392026901245
Epoch: 57, Steps: 33 | Train Loss: 0.2266657 Vali Loss: 0.2272584 Test Loss: 0.2184938
EarlyStopping counter: 7 out of 20
Updating learning rate to 3.381391913522731e-07
Epoch: 58 cost time: 15.390291213989258
Epoch: 58, Steps: 33 | Train Loss: 0.2264380 Vali Loss: 0.2270731 Test Loss: 0.2184910
EarlyStopping counter: 8 out of 20
Updating learning rate to 3.043252722170458e-07
Epoch: 59 cost time: 15.396782875061035
Epoch: 59, Steps: 33 | Train Loss: 0.2264694 Vali Loss: 0.2263802 Test Loss: 0.2185003
EarlyStopping counter: 9 out of 20
Updating learning rate to 2.7389274499534124e-07
Epoch: 60 cost time: 15.447084903717041
Epoch: 60, Steps: 33 | Train Loss: 0.2264818 Vali Loss: 0.2266425 Test Loss: 0.2184906
EarlyStopping counter: 10 out of 20
Updating learning rate to 2.465034704958071e-07
Epoch: 61 cost time: 15.656812906265259
Epoch: 61, Steps: 33 | Train Loss: 0.2265862 Vali Loss: 0.2270243 Test Loss: 0.2184980
EarlyStopping counter: 11 out of 20
Updating learning rate to 2.218531234462264e-07
Epoch: 62 cost time: 15.340662240982056
Epoch: 62, Steps: 33 | Train Loss: 0.2265825 Vali Loss: 0.2264816 Test Loss: 0.2184848
EarlyStopping counter: 12 out of 20
Updating learning rate to 1.9966781110160376e-07
Epoch: 63 cost time: 15.37465238571167
Epoch: 63, Steps: 33 | Train Loss: 0.2264764 Vali Loss: 0.2270636 Test Loss: 0.2184817
EarlyStopping counter: 13 out of 20
Updating learning rate to 1.797010299914434e-07
Epoch: 64 cost time: 15.384146690368652
Epoch: 64, Steps: 33 | Train Loss: 0.2264858 Vali Loss: 0.2268291 Test Loss: 0.2184708
EarlyStopping counter: 14 out of 20
Updating learning rate to 1.6173092699229907e-07
Epoch: 65 cost time: 15.720598459243774
Epoch: 65, Steps: 33 | Train Loss: 0.2263611 Vali Loss: 0.2267398 Test Loss: 0.2184705
EarlyStopping counter: 15 out of 20
Updating learning rate to 1.4555783429306916e-07
Epoch: 66 cost time: 15.443873882293701
Epoch: 66, Steps: 33 | Train Loss: 0.2264667 Vali Loss: 0.2267105 Test Loss: 0.2184714
EarlyStopping counter: 16 out of 20
Updating learning rate to 1.3100205086376224e-07
Epoch: 67 cost time: 15.389665126800537
Epoch: 67, Steps: 33 | Train Loss: 0.2263991 Vali Loss: 0.2266190 Test Loss: 0.2184779
EarlyStopping counter: 17 out of 20
Updating learning rate to 1.1790184577738603e-07
Epoch: 68 cost time: 15.375324726104736
Epoch: 68, Steps: 33 | Train Loss: 0.2264216 Vali Loss: 0.2269153 Test Loss: 0.2184902
EarlyStopping counter: 18 out of 20
Updating learning rate to 1.0611166119964742e-07
Epoch: 69 cost time: 15.393146514892578
Epoch: 69, Steps: 33 | Train Loss: 0.2263818 Vali Loss: 0.2269327 Test Loss: 0.2184812
EarlyStopping counter: 19 out of 20
Updating learning rate to 9.550049507968268e-08
Epoch: 70 cost time: 15.406718492507935
Epoch: 70, Steps: 33 | Train Loss: 0.2262860 Vali Loss: 0.2266408 Test Loss: 0.2184759
EarlyStopping counter: 20 out of 20
Early stopping
>>>>>>>testing : Transformer_sin_wave_336_96_custom<<<<<<<<<<<<<<<<<<<<<<<<<<<<<<<<<
test 1256
mse:27065392824320.0, mae:2006396.875, rse:0.1078670546412468
