Args in experiment:
Namespace(random_seed=2021, is_training=1, model_id='AAPL_336_48', model='PatchTST', data='custom', root_path='./predictor/dataset/', data_path='AAPL.csv', features='M', target='OT', freq='h', checkpoints='./predictor/checkpoints/', seq_len=336, label_len=48, pred_len=48, fc_dropout=0.2, head_dropout=0.0, patch_len=16, stride=8, padding_patch='end', revin=1, affine=0, subtract_last=0, decomposition=0, kernel_size=25, individual=0, embed_type=0, enc_in=21, dec_in=7, c_out=7, d_model=128, n_heads=16, e_layers=3, d_layers=1, d_ff=256, moving_avg=25, factor=1, distil=True, dropout=0.2, embed='timeF', activation='gelu', output_attention=False, do_predict=False, num_workers=10, itr=1, train_epochs=100, batch_size=256, patience=20, learning_rate=0.0001, des='Exp', loss='mse', lradj='type3', pct_start=0.3, use_amp=False, use_gpu=True, gpu=0, use_multi_gpu=False, devices='0,1,2,3', test_flop=False)
Use GPU: cuda:0
>>>>>>>start training : AAPL_336_48_PatchTST_custom_ftM_sl336_ll48_pl48_dm128_nh16_el3_dl1_df256_fc1_ebtimeF_dtTrue_Exp_0>>>>>>>>>>>>>>>>>>>>>>>>>>
train 6805
val 981
test 2007
Epoch: 1 cost time: 2.9885730743408203
Epoch: 1, Steps: 26 | Train Loss: 0.2970399 Vali Loss: 2.7612274 Test Loss: 43.5727425
Validation loss decreased (inf --> 2.761227).  Saving model ...
Updating learning rate to 0.0001
Epoch: 2 cost time: 2.3666200637817383
Epoch: 2, Steps: 26 | Train Loss: 0.2344820 Vali Loss: 1.1078901 Test Loss: 15.4258432
Validation loss decreased (2.761227 --> 1.107890).  Saving model ...
Updating learning rate to 0.0001
Epoch: 3 cost time: 2.4141604900360107
Epoch: 3, Steps: 26 | Train Loss: 0.1774109 Vali Loss: 0.7174575 Test Loss: 11.7958975
Validation loss decreased (1.107890 --> 0.717457).  Saving model ...
Updating learning rate to 0.0001
Epoch: 4 cost time: 2.0835163593292236
Epoch: 4, Steps: 26 | Train Loss: 0.1514788 Vali Loss: 0.6371866 Test Loss: 10.6896362
Validation loss decreased (0.717457 --> 0.637187).  Saving model ...
Updating learning rate to 9e-05
Epoch: 5 cost time: 2.1337890625
Epoch: 5, Steps: 26 | Train Loss: 0.1379974 Vali Loss: 0.7138817 Test Loss: 11.3891802
EarlyStopping counter: 1 out of 20
Updating learning rate to 8.1e-05
Epoch: 6 cost time: 2.108754873275757
Epoch: 6, Steps: 26 | Train Loss: 0.1338278 Vali Loss: 0.5612687 Test Loss: 9.3304081
Validation loss decreased (0.637187 --> 0.561269).  Saving model ...
Updating learning rate to 7.290000000000001e-05
Epoch: 7 cost time: 2.091555595397949
Epoch: 7, Steps: 26 | Train Loss: 0.1312809 Vali Loss: 0.5407218 Test Loss: 9.3387709
Validation loss decreased (0.561269 --> 0.540722).  Saving model ...
Updating learning rate to 6.561e-05
Epoch: 8 cost time: 2.075167417526245
Epoch: 8, Steps: 26 | Train Loss: 0.1300747 Vali Loss: 0.5660522 Test Loss: 9.1069689
EarlyStopping counter: 1 out of 20
Updating learning rate to 5.904900000000001e-05
Epoch: 9 cost time: 2.077690601348877
Epoch: 9, Steps: 26 | Train Loss: 0.1285524 Vali Loss: 0.5197069 Test Loss: 8.9977226
Validation loss decreased (0.540722 --> 0.519707).  Saving model ...
Updating learning rate to 5.3144100000000005e-05
Epoch: 10 cost time: 2.0868170261383057
Epoch: 10, Steps: 26 | Train Loss: 0.1280348 Vali Loss: 0.5355244 Test Loss: 9.0090151
EarlyStopping counter: 1 out of 20
Updating learning rate to 4.782969000000001e-05
Epoch: 11 cost time: 2.1058385372161865
Epoch: 11, Steps: 26 | Train Loss: 0.1268666 Vali Loss: 0.5090203 Test Loss: 8.9949398
Validation loss decreased (0.519707 --> 0.509020).  Saving model ...
Updating learning rate to 4.304672100000001e-05
Epoch: 12 cost time: 2.080761194229126
Epoch: 12, Steps: 26 | Train Loss: 0.1269425 Vali Loss: 0.5218165 Test Loss: 9.0561399
EarlyStopping counter: 1 out of 20
Updating learning rate to 3.874204890000001e-05
Epoch: 13 cost time: 2.1051979064941406
Epoch: 13, Steps: 26 | Train Loss: 0.1264219 Vali Loss: 0.5126647 Test Loss: 8.9701405
EarlyStopping counter: 2 out of 20
Updating learning rate to 3.486784401000001e-05
Epoch: 14 cost time: 2.095320701599121
Epoch: 14, Steps: 26 | Train Loss: 0.1258547 Vali Loss: 0.4864137 Test Loss: 8.9943085
Validation loss decreased (0.509020 --> 0.486414).  Saving model ...
Updating learning rate to 3.138105960900001e-05
Epoch: 15 cost time: 2.100461006164551
Epoch: 15, Steps: 26 | Train Loss: 0.1256223 Vali Loss: 0.5056520 Test Loss: 8.9333620
EarlyStopping counter: 1 out of 20
Updating learning rate to 2.824295364810001e-05
Epoch: 16 cost time: 2.094595432281494
Epoch: 16, Steps: 26 | Train Loss: 0.1247263 Vali Loss: 0.4883967 Test Loss: 8.9077520
EarlyStopping counter: 2 out of 20
Updating learning rate to 2.541865828329001e-05
Epoch: 17 cost time: 2.0999295711517334
Epoch: 17, Steps: 26 | Train Loss: 0.1247796 Vali Loss: 0.5036789 Test Loss: 8.9022818
EarlyStopping counter: 3 out of 20
Updating learning rate to 2.287679245496101e-05
Epoch: 18 cost time: 2.066398859024048
Epoch: 18, Steps: 26 | Train Loss: 0.1241523 Vali Loss: 0.4810617 Test Loss: 8.9230175
Validation loss decreased (0.486414 --> 0.481062).  Saving model ...
Updating learning rate to 2.0589113209464907e-05
Epoch: 19 cost time: 2.690260171890259
Epoch: 19, Steps: 26 | Train Loss: 0.1240779 Vali Loss: 0.4775237 Test Loss: 8.9210663
Validation loss decreased (0.481062 --> 0.477524).  Saving model ...
Updating learning rate to 1.8530201888518416e-05
Epoch: 20 cost time: 2.1418285369873047
Epoch: 20, Steps: 26 | Train Loss: 0.1241655 Vali Loss: 0.4795527 Test Loss: 8.9354849
EarlyStopping counter: 1 out of 20
Updating learning rate to 1.6677181699666577e-05
Epoch: 21 cost time: 2.0693016052246094
Epoch: 21, Steps: 26 | Train Loss: 0.1237664 Vali Loss: 0.4967061 Test Loss: 8.9405928
EarlyStopping counter: 2 out of 20
Updating learning rate to 1.5009463529699919e-05
Epoch: 22 cost time: 2.0875978469848633
Epoch: 22, Steps: 26 | Train Loss: 0.1234911 Vali Loss: 0.4859984 Test Loss: 8.9273405
EarlyStopping counter: 3 out of 20
Updating learning rate to 1.3508517176729929e-05
Epoch: 23 cost time: 2.056591510772705
Epoch: 23, Steps: 26 | Train Loss: 0.1238744 Vali Loss: 0.4693372 Test Loss: 8.9303160
Validation loss decreased (0.477524 --> 0.469337).  Saving model ...
Updating learning rate to 1.2157665459056936e-05
Epoch: 24 cost time: 2.0382893085479736
Epoch: 24, Steps: 26 | Train Loss: 0.1235544 Vali Loss: 0.4902215 Test Loss: 8.9467993
EarlyStopping counter: 1 out of 20
Updating learning rate to 1.0941898913151242e-05
Epoch: 25 cost time: 2.1012649536132812
Epoch: 25, Steps: 26 | Train Loss: 0.1234297 Vali Loss: 0.4758936 Test Loss: 8.9660263
EarlyStopping counter: 2 out of 20
Updating learning rate to 9.847709021836118e-06
Epoch: 26 cost time: 2.0961499214172363
Epoch: 26, Steps: 26 | Train Loss: 0.1234838 Vali Loss: 0.4754023 Test Loss: 8.9388380
EarlyStopping counter: 3 out of 20
Updating learning rate to 8.862938119652508e-06
Epoch: 27 cost time: 2.038036584854126
Epoch: 27, Steps: 26 | Train Loss: 0.1232515 Vali Loss: 0.4790885 Test Loss: 8.9521418
EarlyStopping counter: 4 out of 20
Updating learning rate to 7.976644307687255e-06
Epoch: 28 cost time: 2.067294120788574
Epoch: 28, Steps: 26 | Train Loss: 0.1226347 Vali Loss: 0.4896683 Test Loss: 8.9427595
EarlyStopping counter: 5 out of 20
Updating learning rate to 7.178979876918531e-06
Epoch: 29 cost time: 2.061661720275879
Epoch: 29, Steps: 26 | Train Loss: 0.1227472 Vali Loss: 0.4698571 Test Loss: 8.9539280
EarlyStopping counter: 6 out of 20
Updating learning rate to 6.4610818892266776e-06
Epoch: 30 cost time: 2.055417060852051
Epoch: 30, Steps: 26 | Train Loss: 0.1229727 Vali Loss: 0.4956986 Test Loss: 8.9519186
EarlyStopping counter: 7 out of 20
Updating learning rate to 5.8149737003040096e-06
Epoch: 31 cost time: 2.053056001663208
Epoch: 31, Steps: 26 | Train Loss: 0.1234272 Vali Loss: 0.4755856 Test Loss: 8.9483366
EarlyStopping counter: 8 out of 20
Updating learning rate to 5.23347633027361e-06
Epoch: 32 cost time: 2.0537476539611816
Epoch: 32, Steps: 26 | Train Loss: 0.1230275 Vali Loss: 0.4957078 Test Loss: 8.9554338
EarlyStopping counter: 9 out of 20
Updating learning rate to 4.710128697246249e-06
Epoch: 33 cost time: 2.0730838775634766
Epoch: 33, Steps: 26 | Train Loss: 0.1233686 Vali Loss: 0.4930402 Test Loss: 8.9559574
EarlyStopping counter: 10 out of 20
Updating learning rate to 4.239115827521624e-06
Epoch: 34 cost time: 2.0517563819885254
Epoch: 34, Steps: 26 | Train Loss: 0.1226833 Vali Loss: 0.4833070 Test Loss: 8.9552622
EarlyStopping counter: 11 out of 20
Updating learning rate to 3.815204244769462e-06
Epoch: 35 cost time: 2.295711040496826
Epoch: 35, Steps: 26 | Train Loss: 0.1226691 Vali Loss: 0.4636151 Test Loss: 8.9546738
Validation loss decreased (0.469337 --> 0.463615).  Saving model ...
Updating learning rate to 3.4336838202925152e-06
Epoch: 36 cost time: 2.3319125175476074
Epoch: 36, Steps: 26 | Train Loss: 0.1229915 Vali Loss: 0.4618996 Test Loss: 8.9580107
Validation loss decreased (0.463615 --> 0.461900).  Saving model ...
Updating learning rate to 3.090315438263264e-06
Epoch: 37 cost time: 2.10432767868042
Epoch: 37, Steps: 26 | Train Loss: 0.1220394 Vali Loss: 0.4801311 Test Loss: 8.9568157
EarlyStopping counter: 1 out of 20
Updating learning rate to 2.7812838944369375e-06
Epoch: 38 cost time: 2.1080856323242188
Epoch: 38, Steps: 26 | Train Loss: 0.1226141 Vali Loss: 0.4704791 Test Loss: 8.9586201
EarlyStopping counter: 2 out of 20
Updating learning rate to 2.503155504993244e-06
Epoch: 39 cost time: 2.1133599281311035
Epoch: 39, Steps: 26 | Train Loss: 0.1225298 Vali Loss: 0.4879323 Test Loss: 8.9606657
EarlyStopping counter: 3 out of 20
Updating learning rate to 2.2528399544939195e-06
Epoch: 40 cost time: 2.086033582687378
Epoch: 40, Steps: 26 | Train Loss: 0.1228840 Vali Loss: 0.4759305 Test Loss: 8.9536610
EarlyStopping counter: 4 out of 20
Updating learning rate to 2.0275559590445276e-06
Epoch: 41 cost time: 2.055476665496826
Epoch: 41, Steps: 26 | Train Loss: 0.1225397 Vali Loss: 0.4886715 Test Loss: 8.9597025
EarlyStopping counter: 5 out of 20
Updating learning rate to 1.8248003631400751e-06
Epoch: 42 cost time: 2.0595319271087646
Epoch: 42, Steps: 26 | Train Loss: 0.1218974 Vali Loss: 0.4675750 Test Loss: 8.9613028
EarlyStopping counter: 6 out of 20
Updating learning rate to 1.6423203268260676e-06
Epoch: 43 cost time: 2.034173011779785
Epoch: 43, Steps: 26 | Train Loss: 0.1218916 Vali Loss: 0.4748684 Test Loss: 8.9697571
EarlyStopping counter: 7 out of 20
Updating learning rate to 1.4780882941434609e-06
Epoch: 44 cost time: 2.080231189727783
Epoch: 44, Steps: 26 | Train Loss: 0.1229911 Vali Loss: 0.4718314 Test Loss: 8.9689989
EarlyStopping counter: 8 out of 20
Updating learning rate to 1.3302794647291146e-06
Epoch: 45 cost time: 2.103593111038208
Epoch: 45, Steps: 26 | Train Loss: 0.1225168 Vali Loss: 0.4924678 Test Loss: 8.9661541
EarlyStopping counter: 9 out of 20
Updating learning rate to 1.1972515182562034e-06
Epoch: 46 cost time: 2.0420141220092773
Epoch: 46, Steps: 26 | Train Loss: 0.1225368 Vali Loss: 0.4720889 Test Loss: 8.9688358
EarlyStopping counter: 10 out of 20
Updating learning rate to 1.077526366430583e-06
Epoch: 47 cost time: 2.0545194149017334
Epoch: 47, Steps: 26 | Train Loss: 0.1221192 Vali Loss: 0.4748817 Test Loss: 8.9657574
EarlyStopping counter: 11 out of 20
Updating learning rate to 9.697737297875248e-07
Epoch: 48 cost time: 2.072157382965088
Epoch: 48, Steps: 26 | Train Loss: 0.1222795 Vali Loss: 0.4895273 Test Loss: 8.9700251
EarlyStopping counter: 12 out of 20
Updating learning rate to 8.727963568087723e-07
Epoch: 49 cost time: 2.0444552898406982
Epoch: 49, Steps: 26 | Train Loss: 0.1217602 Vali Loss: 0.4830146 Test Loss: 8.9723291
EarlyStopping counter: 13 out of 20
Updating learning rate to 7.855167211278951e-07
Epoch: 50 cost time: 2.0645270347595215
Epoch: 50, Steps: 26 | Train Loss: 0.1228488 Vali Loss: 0.4901548 Test Loss: 8.9695759
EarlyStopping counter: 14 out of 20
Updating learning rate to 7.069650490151056e-07
Epoch: 51 cost time: 2.0413243770599365
Epoch: 51, Steps: 26 | Train Loss: 0.1214124 Vali Loss: 0.4845012 Test Loss: 8.9712982
EarlyStopping counter: 15 out of 20
Updating learning rate to 6.36268544113595e-07
Epoch: 52 cost time: 2.5901153087615967
Epoch: 52, Steps: 26 | Train Loss: 0.1215416 Vali Loss: 0.4927095 Test Loss: 8.9738636
EarlyStopping counter: 16 out of 20
Updating learning rate to 5.726416897022355e-07
Epoch: 53 cost time: 2.110750436782837
Epoch: 53, Steps: 26 | Train Loss: 0.1224529 Vali Loss: 0.4939096 Test Loss: 8.9691477
EarlyStopping counter: 17 out of 20
Updating learning rate to 5.15377520732012e-07
Epoch: 54 cost time: 2.102607011795044
Epoch: 54, Steps: 26 | Train Loss: 0.1225581 Vali Loss: 0.4659567 Test Loss: 8.9748049
EarlyStopping counter: 18 out of 20
Updating learning rate to 4.6383976865881085e-07
Epoch: 55 cost time: 2.1297638416290283
Epoch: 55, Steps: 26 | Train Loss: 0.1225858 Vali Loss: 0.4975342 Test Loss: 8.9735661
EarlyStopping counter: 19 out of 20
Updating learning rate to 4.174557917929298e-07
Epoch: 56 cost time: 2.0820372104644775
Epoch: 56, Steps: 26 | Train Loss: 0.1217016 Vali Loss: 0.4745536 Test Loss: 8.9704752
EarlyStopping counter: 20 out of 20
Early stopping
>>>>>>>testing : AAPL_336_48_PatchTST_custom_ftM_sl336_ll48_pl48_dm128_nh16_el3_dl1_df256_fc1_ebtimeF_dtTrue_Exp_0<<<<<<<<<<<<<<<<<<<<<<<<<<<<<<<<<
test 2007
mse:8.958011627197266, mae:1.773188829421997, rse:0.14687322080135345
