Args in experiment:
Namespace(random_seed=2021, is_training=1, model_id='AAPL_336_96', model='PatchTST', data='custom', root_path='./src/dataset/', data_path='AAPL.csv', features='M', target='OT', freq='h', checkpoints='./src/checkpoints/', seq_len=336, label_len=48, pred_len=96, fc_dropout=0.2, head_dropout=0.0, patch_len=16, stride=8, padding_patch='end', revin=1, affine=0, subtract_last=0, decomposition=0, kernel_size=25, individual=0, embed_type=0, enc_in=5, dec_in=5, c_out=7, d_model=128, n_heads=16, e_layers=3, d_layers=1, d_ff=256, moving_avg=25, factor=1, distil=True, dropout=0.2, embed='timeF', activation='gelu', output_attention=False, do_predict=False, num_workers=10, itr=1, train_epochs=100, batch_size=256, patience=20, learning_rate=0.0001, des='Exp', loss='mse', lradj='type3', pct_start=0.3, use_amp=False, use_gpu=True, gpu=0, use_multi_gpu=False, devices='0,1,2,3', test_flop=False)
Use GPU: cuda:0
>>>>>>>start training : AAPL_336_96_PatchTST_custom_ftM_sl336_ll48_pl96_dm128_nh16_el3_dl1_df256_fc1_ebtimeF_dtTrue_Exp_0>>>>>>>>>>>>>>>>>>>>>>>>>>
train 6757
val 933
test 1959
Epoch: 1 cost time: 3.451077938079834
Epoch: 1, Steps: 26 | Train Loss: 0.3222232 Vali Loss: 3.4314976 Test Loss: 55.8096390
Validation loss decreased (inf --> 3.431498).  Saving model ...
Updating learning rate to 0.0001
Epoch: 2 cost time: 2.266875982284546
Epoch: 2, Steps: 26 | Train Loss: 0.2522923 Vali Loss: 1.8477116 Test Loss: 21.5273132
Validation loss decreased (3.431498 --> 1.847712).  Saving model ...
Updating learning rate to 0.0001
Epoch: 3 cost time: 2.069650650024414
Epoch: 3, Steps: 26 | Train Loss: 0.1935055 Vali Loss: 1.2537874 Test Loss: 17.0986595
Validation loss decreased (1.847712 --> 1.253787).  Saving model ...
Updating learning rate to 0.0001
Epoch: 4 cost time: 1.9886665344238281
Epoch: 4, Steps: 26 | Train Loss: 0.1688248 Vali Loss: 1.2001393 Test Loss: 15.7019348
Validation loss decreased (1.253787 --> 1.200139).  Saving model ...
Updating learning rate to 9e-05
Epoch: 5 cost time: 2.0067129135131836
Epoch: 5, Steps: 26 | Train Loss: 0.1565316 Vali Loss: 1.1835132 Test Loss: 14.8755159
Validation loss decreased (1.200139 --> 1.183513).  Saving model ...
Updating learning rate to 8.1e-05
